[2025-11-08T16:45:11.004437Z] appointments.index
Traceback (most recent call last):
  File "C:\Users\ivxti\OneDrive\Desktop\GitHub\Clinic-App-Local\clinic_app\blueprints\appointments\routes.py", line 52, in appointments_board
    return render_page(
        "appointments/index.html",
    ...<6 lines>...
        show_back=True,
    )
  File "C:\Users\ivxti\OneDrive\Desktop\GitHub\Clinic-App-Local\clinic_app\services\ui.py", line 64, in render_page
    return render_template(
        template_name,
    ...<7 lines>...
        **ctx,
    )
  File "C:\Users\ivxti\AppData\Local\Programs\Python\Python313\Lib\site-packages\flask\templating.py", line 151, in render_template
    return _render(app, template, context)
  File "C:\Users\ivxti\AppData\Local\Programs\Python\Python313\Lib\site-packages\flask\templating.py", line 132, in _render
    rv = template.render(context)
  File "C:\Users\ivxti\AppData\Local\Programs\Python\Python313\Lib\site-packages\jinja2\environment.py", line 1295, in render
    self.environment.handle_exception()
    ~~~~~~~~~~~~~~~~~~~~~~~~~~~~~~~~~^^
  File "C:\Users\ivxti\AppData\Local\Programs\Python\Python313\Lib\site-packages\jinja2\environment.py", line 942, in handle_exception
    raise rewrite_traceback_stack(source=source)
  File "C:\Users\ivxti\OneDrive\Desktop\GitHub\Clinic-App-Local\templates\appointments\index.html", line 1, in top-level template code
    {% extends '_base.html' %}
    ^^^^^^^^^^^^^^^^^^^^^^^^^
  File "C:\Users\ivxti\OneDrive\Desktop\GitHub\Clinic-App-Local\templates\_base.html", line 13, in top-level template code
    {% block content %}{% endblock %}
    ^^^^^^^^^^^^^^^^^^^^^
  File "C:\Users\ivxti\OneDrive\Desktop\GitHub\Clinic-App-Local\templates\appointments\index.html", line 45, in block 'content'
    {% for appt in block.items %}
    ^^^^^^^^^^^^^
TypeError: 'builtin_function_or_method' object is not iterable

[2025-11-09T14:14:36.995236Z] appointments.index
Traceback (most recent call last):
  File "C:\Users\ivxti\OneDrive\Desktop\GitHub\Clinic-App-Local\clinic_app\blueprints\appointments\routes.py", line 36, in appointments_board
    appts = list_for_day(day, doctor_id=doctor_id)
            ^^^^^^^^^^^^^^^^^^^^^^^^^^^^^^^^^^^^^^
  File "C:\Users\ivxti\OneDrive\Desktop\GitHub\Clinic-App-Local\clinic_app\services\appointments.py", line 250, in list_for_day
    doctor_colors = get_doctor_colors()
                    ^^^^^^^^^^^^^^^^^^^
  File "C:\Users\ivxti\OneDrive\Desktop\GitHub\Clinic-App-Local\clinic_app\services\doctor_colors.py", line 12, in get_doctor_colors
    rows = conn.execute("SELECT doctor_id, color FROM doctor_colors").fetchall()
           ^^^^^^^^^^^^^^^^^^^^^^^^^^^^^^^^^^^^^^^^^^^^^^^^^^^^^^^^^^
sqlite3.OperationalError: no such table: doctor_colors

[2025-11-09T14:15:00.205493Z] appointments.index
Traceback (most recent call last):
  File "C:\Users\ivxti\OneDrive\Desktop\GitHub\Clinic-App-Local\clinic_app\blueprints\appointments\routes.py", line 36, in appointments_board
    appts = list_for_day(day, doctor_id=doctor_id)
            ^^^^^^^^^^^^^^^^^^^^^^^^^^^^^^^^^^^^^^
  File "C:\Users\ivxti\OneDrive\Desktop\GitHub\Clinic-App-Local\clinic_app\services\appointments.py", line 250, in list_for_day
    doctor_colors = get_doctor_colors()
                    ^^^^^^^^^^^^^^^^^^^
  File "C:\Users\ivxti\OneDrive\Desktop\GitHub\Clinic-App-Local\clinic_app\services\doctor_colors.py", line 12, in get_doctor_colors
    rows = conn.execute("SELECT doctor_id, color FROM doctor_colors").fetchall()
           ^^^^^^^^^^^^^^^^^^^^^^^^^^^^^^^^^^^^^^^^^^^^^^^^^^^^^^^^^^
sqlite3.OperationalError: no such table: doctor_colors

[2025-11-09T14:15:08.379457Z] appointments.index
Traceback (most recent call last):
  File "C:\Users\ivxti\OneDrive\Desktop\GitHub\Clinic-App-Local\clinic_app\blueprints\appointments\routes.py", line 36, in appointments_board
    appts = list_for_day(day, doctor_id=doctor_id)
            ^^^^^^^^^^^^^^^^^^^^^^^^^^^^^^^^^^^^^^
  File "C:\Users\ivxti\OneDrive\Desktop\GitHub\Clinic-App-Local\clinic_app\services\appointments.py", line 250, in list_for_day
    doctor_colors = get_doctor_colors()
                    ^^^^^^^^^^^^^^^^^^^
  File "C:\Users\ivxti\OneDrive\Desktop\GitHub\Clinic-App-Local\clinic_app\services\doctor_colors.py", line 12, in get_doctor_colors
    rows = conn.execute("SELECT doctor_id, color FROM doctor_colors").fetchall()
           ^^^^^^^^^^^^^^^^^^^^^^^^^^^^^^^^^^^^^^^^^^^^^^^^^^^^^^^^^^
sqlite3.OperationalError: no such table: doctor_colors

[2025-11-09T14:26:54.834023Z] appointments.index
Traceback (most recent call last):
  File "c:\Users\ivxti\OneDrive\Desktop\GitHub\Clinic-App-Local\clinic_app\blueprints\appointments\routes.py", line 36, in appointments_board
    appts = list_for_day(day, doctor_id=doctor_id)
            ^^^^^^^^^^^^^^^^^^^^^^^^^^^^^^^^^^^^^^
  File "c:\Users\ivxti\OneDrive\Desktop\GitHub\Clinic-App-Local\clinic_app\services\appointments.py", line 250, in list_for_day
    doctor_colors = get_doctor_colors()
                    ^^^^^^^^^^^^^^^^^^^
  File "c:\Users\ivxti\OneDrive\Desktop\GitHub\Clinic-App-Local\clinic_app\services\doctor_colors.py", line 12, in get_doctor_colors
    rows = conn.execute("SELECT doctor_id, color FROM doctor_colors").fetchall()
           ^^^^^^^^^^^^^^^^^^^^^^^^^^^^^^^^^^^^^^^^^^^^^^^^^^^^^^^^^^
sqlite3.OperationalError: no such table: doctor_colors

[2025-11-09T14:43:11.302178Z] appointments.index
Traceback (most recent call last):
  File "c:\Users\ivxti\OneDrive\Desktop\GitHub\Clinic-App-Local\clinic_app\blueprints\appointments\routes.py", line 36, in appointments_board
    appts = list_for_day(day, doctor_id=doctor_id)
            ^^^^^^^^^^^^^^^^^^^^^^^^^^^^^^^^^^^^^^
  File "c:\Users\ivxti\OneDrive\Desktop\GitHub\Clinic-App-Local\clinic_app\services\appointments.py", line 250, in list_for_day
    doctor_colors = get_doctor_colors()
                    ^^^^^^^^^^^^^^^^^^^
  File "c:\Users\ivxti\OneDrive\Desktop\GitHub\Clinic-App-Local\clinic_app\services\doctor_colors.py", line 12, in get_doctor_colors
    rows = conn.execute("SELECT doctor_id, color FROM doctor_colors").fetchall()
           ^^^^^^^^^^^^^^^^^^^^^^^^^^^^^^^^^^^^^^^^^^^^^^^^^^^^^^^^^^
sqlite3.OperationalError: no such table: doctor_colors

[2025-11-09T14:50:56.924537Z] appointments.index
Traceback (most recent call last):
  File "c:\Users\ivxti\OneDrive\Desktop\GitHub\Clinic-App-Local\clinic_app\blueprints\appointments\routes.py", line 36, in appointments_board
    appts = list_for_day(day, doctor_id=doctor_id)
            ^^^^^^^^^^^^^^^^^^^^^^^^^^^^^^^^^^^^^^
  File "c:\Users\ivxti\OneDrive\Desktop\GitHub\Clinic-App-Local\clinic_app\services\appointments.py", line 250, in list_for_day
    doctor_colors = get_doctor_colors()
                    ^^^^^^^^^^^^^^^^^^^
  File "c:\Users\ivxti\OneDrive\Desktop\GitHub\Clinic-App-Local\clinic_app\services\doctor_colors.py", line 12, in get_doctor_colors
    rows = conn.execute("SELECT doctor_id, color FROM doctor_colors").fetchall()
           ^^^^^^^^^^^^^^^^^^^^^^^^^^^^^^^^^^^^^^^^^^^^^^^^^^^^^^^^^^
sqlite3.OperationalError: no such table: doctor_colors

[2025-11-09T15:11:11.548410Z] appointments.index
Traceback (most recent call last):
  File "c:\Users\ivxti\OneDrive\Desktop\GitHub\Clinic-App-Local\clinic_app\blueprints\appointments\routes.py", line 36, in appointments_board
    appts = list_for_day(day, doctor_id=doctor_id)
            ^^^^^^^^^^^^^^^^^^^^^^^^^^^^^^^^^^^^^^
  File "c:\Users\ivxti\OneDrive\Desktop\GitHub\Clinic-App-Local\clinic_app\services\appointments.py", line 250, in list_for_day
    doctor_color = doctor_colors.get(row["doctor_id"])
                    ^^^^^^^^^^^^^^^^^^^
  File "c:\Users\ivxti\OneDrive\Desktop\GitHub\Clinic-App-Local\clinic_app\services\doctor_colors.py", line 12, in get_doctor_colors
    "dr-lina": "#10B981",  # Green
               ^^^^^^^^^^^^^^^^^^^^
sqlite3.OperationalError: no such table: doctor_colors

[2025-11-09T15:11:55.196766Z] appointments.index
Traceback (most recent call last):
  File "c:\Users\ivxti\OneDrive\Desktop\GitHub\Clinic-App-Local\clinic_app\blueprints\appointments\routes.py", line 36, in appointments_board
    appts = list_for_day(day, doctor_id=doctor_id)
            ^^^^^^^^^^^^^^^^^^^^^^^^^^^^^^^^^^^^^^
  File "c:\Users\ivxti\OneDrive\Desktop\GitHub\Clinic-App-Local\clinic_app\services\appointments.py", line 250, in list_for_day
    doctor_color = doctor_colors.get(row["doctor_id"])
                    ^^^^^^^^^^^^^^^^^^^
  File "c:\Users\ivxti\OneDrive\Desktop\GitHub\Clinic-App-Local\clinic_app\services\doctor_colors.py", line 12, in get_doctor_colors
    "dr-lina": "#10B981",  # Green
               ^^^^^^^^^^^^^^^^^^^^
sqlite3.OperationalError: no such table: doctor_colors

[2025-11-09T15:17:27.667369Z] appointments.index
Traceback (most recent call last):
  File "c:\Users\ivxti\OneDrive\Desktop\GitHub\Clinic-App-Local\clinic_app\blueprints\appointments\routes.py", line 36, in appointments_board
    appts = list_for_day(day, doctor_id=doctor_id)
            ^^^^^^^^^^^^^^^^^^^^^^^^^^^^^^^^^^^^^^
  File "c:\Users\ivxti\OneDrive\Desktop\GitHub\Clinic-App-Local\clinic_app\services\appointments.py", line 250, in list_for_day
    doctor_color = doctor_colors.get(row["doctor_id"])
                    ^^^^^^^^^^^^^^^^^^^
  File "c:\Users\ivxti\OneDrive\Desktop\GitHub\Clinic-App-Local\clinic_app\services\doctor_colors.py", line 12, in get_doctor_colors
    "dr-lina": "#10B981",  # Green
               ^^^^^^^^^^^^^^^^^^^^
sqlite3.OperationalError: no such table: doctor_colors

[2025-11-11T22:03:42.333026+00:00Z] payments.print_receipt
Traceback (most recent call last):
  File "C:\Users\ivxti\OneDrive\Desktop\GitHub\Clinic-App-Local\clinic_app\blueprints\payments\routes.py", line 230, in print_payment_receipt
    if not pay.get("amount_cents") or pay["amount_cents"] <= 0:
           ^^^^^^^
AttributeError: 'sqlite3.Row' object has no attribute 'get'

[2025-11-11T22:27:49.438923+00:00Z] payments.preview_receipt
Traceback (most recent call last):
  File "C:\Users\ivxti\OneDrive\Desktop\GitHub\Clinic-App-Local\clinic_app\services\pdf_enhanced.py", line 294, in render
    return data if isinstance(data, bytes) else data.encode('latin1')
                                                ^^^^^^^^^^^
AttributeError: 'bytearray' object has no attribute 'encode'. Did you mean: 'decode'?

During handling of the above exception, another exception occurred:

Traceback (most recent call last):
  File "C:\Users\ivxti\OneDrive\Desktop\GitHub\Clinic-App-Local\clinic_app\blueprints\payments\routes.py", line 363, in preview_payment_receipt
    pdf_data = generate_payment_receipt_pdf(
               ^^^^^^^^^^^^^^^^^^^^^^^^^^^^^
  File "C:\Users\ivxti\OneDrive\Desktop\GitHub\Clinic-App-Local\clinic_app\services\pdf_enhanced.py", line 635, in generate_payment_receipt_pdf
    return pdf.render()
           ^^^^^^^^^^^^
  File "C:\Users\ivxti\OneDrive\Desktop\GitHub\Clinic-App-Local\clinic_app\services\pdf_enhanced.py", line 297, in render
    return output if isinstance(output, bytes) else output.encode('latin1')
                                                    ^^^^^^^^^^^^^
AttributeError: 'bytearray' object has no attribute 'encode'. Did you mean: 'decode'?

[2025-11-11T22:28:00.897574+00:00Z] payments.preview_receipt
Traceback (most recent call last):
  File "C:\Users\ivxti\OneDrive\Desktop\GitHub\Clinic-App-Local\clinic_app\services\pdf_enhanced.py", line 294, in render
    return data if isinstance(data, bytes) else data.encode('latin1')
                                                ^^^^^^^^^^^
AttributeError: 'bytearray' object has no attribute 'encode'. Did you mean: 'decode'?

During handling of the above exception, another exception occurred:

Traceback (most recent call last):
  File "C:\Users\ivxti\OneDrive\Desktop\GitHub\Clinic-App-Local\clinic_app\blueprints\payments\routes.py", line 363, in preview_payment_receipt
    pdf_data = generate_payment_receipt_pdf(
               ^^^^^^^^^^^^^^^^^^^^^^^^^^^^^
  File "C:\Users\ivxti\OneDrive\Desktop\GitHub\Clinic-App-Local\clinic_app\services\pdf_enhanced.py", line 635, in generate_payment_receipt_pdf
    return pdf.render()
           ^^^^^^^^^^^^
  File "C:\Users\ivxti\OneDrive\Desktop\GitHub\Clinic-App-Local\clinic_app\services\pdf_enhanced.py", line 297, in render
    return output if isinstance(output, bytes) else output.encode('latin1')
                                                    ^^^^^^^^^^^^^
AttributeError: 'bytearray' object has no attribute 'encode'. Did you mean: 'decode'?

[2025-11-11T22:28:12.925474+00:00Z] payments.preview_receipt
Traceback (most recent call last):
  File "C:\Users\ivxti\OneDrive\Desktop\GitHub\Clinic-App-Local\clinic_app\services\pdf_enhanced.py", line 294, in render
    return data if isinstance(data, bytes) else data.encode('latin1')
                                                ^^^^^^^^^^^
AttributeError: 'bytearray' object has no attribute 'encode'. Did you mean: 'decode'?

During handling of the above exception, another exception occurred:

Traceback (most recent call last):
  File "C:\Users\ivxti\OneDrive\Desktop\GitHub\Clinic-App-Local\clinic_app\blueprints\payments\routes.py", line 363, in preview_payment_receipt
    pdf_data = generate_payment_receipt_pdf(
               ^^^^^^^^^^^^^^^^^^^^^^^^^^^^^
  File "C:\Users\ivxti\OneDrive\Desktop\GitHub\Clinic-App-Local\clinic_app\services\pdf_enhanced.py", line 635, in generate_payment_receipt_pdf
    return pdf.render()
           ^^^^^^^^^^^^
  File "C:\Users\ivxti\OneDrive\Desktop\GitHub\Clinic-App-Local\clinic_app\services\pdf_enhanced.py", line 297, in render
    return output if isinstance(output, bytes) else output.encode('latin1')
                                                    ^^^^^^^^^^^^^
AttributeError: 'bytearray' object has no attribute 'encode'. Did you mean: 'decode'?

[2025-11-11T22:28:15.974132+00:00Z] payments.preview_receipt
Traceback (most recent call last):
  File "C:\Users\ivxti\OneDrive\Desktop\GitHub\Clinic-App-Local\clinic_app\services\pdf_enhanced.py", line 294, in render
    return data if isinstance(data, bytes) else data.encode('latin1')
                                                ^^^^^^^^^^^
AttributeError: 'bytearray' object has no attribute 'encode'. Did you mean: 'decode'?

During handling of the above exception, another exception occurred:

Traceback (most recent call last):
  File "C:\Users\ivxti\OneDrive\Desktop\GitHub\Clinic-App-Local\clinic_app\blueprints\payments\routes.py", line 363, in preview_payment_receipt
    pdf_data = generate_payment_receipt_pdf(
               ^^^^^^^^^^^^^^^^^^^^^^^^^^^^^
  File "C:\Users\ivxti\OneDrive\Desktop\GitHub\Clinic-App-Local\clinic_app\services\pdf_enhanced.py", line 635, in generate_payment_receipt_pdf
    return pdf.render()
           ^^^^^^^^^^^^
  File "C:\Users\ivxti\OneDrive\Desktop\GitHub\Clinic-App-Local\clinic_app\services\pdf_enhanced.py", line 297, in render
    return output if isinstance(output, bytes) else output.encode('latin1')
                                                    ^^^^^^^^^^^^^
AttributeError: 'bytearray' object has no attribute 'encode'. Did you mean: 'decode'?

[2025-11-11T22:30:11.351785+00:00Z] payments.preview_receipt
Traceback (most recent call last):
  File "C:\Users\ivxti\OneDrive\Desktop\GitHub\Clinic-App-Local\clinic_app\services\pdf_enhanced.py", line 294, in render
    return data if isinstance(data, bytes) else data.encode('latin1')
                                                ^^^^^^^^^^^
AttributeError: 'bytearray' object has no attribute 'encode'. Did you mean: 'decode'?

During handling of the above exception, another exception occurred:

Traceback (most recent call last):
  File "C:\Users\ivxti\OneDrive\Desktop\GitHub\Clinic-App-Local\clinic_app\blueprints\payments\routes.py", line 363, in preview_payment_receipt
    pdf_data = generate_payment_receipt_pdf(
               ^^^^^^^^^^^^^^^^^^^^^^^^^^^^^
  File "C:\Users\ivxti\OneDrive\Desktop\GitHub\Clinic-App-Local\clinic_app\services\pdf_enhanced.py", line 635, in generate_payment_receipt_pdf
    return pdf.render()
           ^^^^^^^^^^^^
  File "C:\Users\ivxti\OneDrive\Desktop\GitHub\Clinic-App-Local\clinic_app\services\pdf_enhanced.py", line 297, in render
    return output if isinstance(output, bytes) else output.encode('latin1')
                                                    ^^^^^^^^^^^^^
AttributeError: 'bytearray' object has no attribute 'encode'. Did you mean: 'decode'?

[2025-11-11T23:11:06.821828+00:00Z] payments.preview_receipt
Traceback (most recent call last):
  File "C:\Users\ivxti\OneDrive\Desktop\GitHub\Clinic-App-Local\clinic_app\services\pdf_enhanced.py", line 294, in render
    return data if isinstance(data, bytes) else data.encode('latin1')
                                                ^^^^^^^^^^^
AttributeError: 'bytearray' object has no attribute 'encode'. Did you mean: 'decode'?

During handling of the above exception, another exception occurred:

Traceback (most recent call last):
  File "C:\Users\ivxti\OneDrive\Desktop\GitHub\Clinic-App-Local\clinic_app\blueprints\payments\routes.py", line 363, in preview_payment_receipt
    pdf_data = generate_payment_receipt_pdf(
               ^^^^^^^^^^^^^^^^^^^^^^^^^^^^^
  File "C:\Users\ivxti\OneDrive\Desktop\GitHub\Clinic-App-Local\clinic_app\services\pdf_enhanced.py", line 635, in generate_payment_receipt_pdf
    return pdf.render()
           ^^^^^^^^^^^^
  File "C:\Users\ivxti\OneDrive\Desktop\GitHub\Clinic-App-Local\clinic_app\services\pdf_enhanced.py", line 297, in render
    return output if isinstance(output, bytes) else output.encode('latin1')
                                                    ^^^^^^^^^^^^^
AttributeError: 'bytearray' object has no attribute 'encode'. Did you mean: 'decode'?

[2025-11-11T23:11:09.762749+00:00Z] payments.preview_receipt
Traceback (most recent call last):
  File "C:\Users\ivxti\OneDrive\Desktop\GitHub\Clinic-App-Local\clinic_app\services\pdf_enhanced.py", line 294, in render
    return data if isinstance(data, bytes) else data.encode('latin1')
                                                ^^^^^^^^^^^
AttributeError: 'bytearray' object has no attribute 'encode'. Did you mean: 'decode'?

During handling of the above exception, another exception occurred:

Traceback (most recent call last):
  File "C:\Users\ivxti\OneDrive\Desktop\GitHub\Clinic-App-Local\clinic_app\blueprints\payments\routes.py", line 363, in preview_payment_receipt
    pdf_data = generate_payment_receipt_pdf(
               ^^^^^^^^^^^^^^^^^^^^^^^^^^^^^
  File "C:\Users\ivxti\OneDrive\Desktop\GitHub\Clinic-App-Local\clinic_app\services\pdf_enhanced.py", line 635, in generate_payment_receipt_pdf
    return pdf.render()
           ^^^^^^^^^^^^
  File "C:\Users\ivxti\OneDrive\Desktop\GitHub\Clinic-App-Local\clinic_app\services\pdf_enhanced.py", line 297, in render
    return output if isinstance(output, bytes) else output.encode('latin1')
                                                    ^^^^^^^^^^^^^
AttributeError: 'bytearray' object has no attribute 'encode'. Did you mean: 'decode'?

[2025-11-12T17:23:28.876140+00:00Z] appointments.index
Traceback (most recent call last):
  File "C:\Users\ivxti\OneDrive\Desktop\GitHub\Clinic-App-Local\clinic_app\blueprints\appointments\routes.py", line 70, in appointments_entrypoint
    return _render_timeline_page(day, doctor)
  File "C:\Users\ivxti\OneDrive\Desktop\GitHub\Clinic-App-Local\clinic_app\blueprints\appointments\routes.py", line 48, in _render_timeline_page
    return render_page(
        "appointments/index.html",
    ...<7 lines>...
        show_back=True,
    )
  File "C:\Users\ivxti\OneDrive\Desktop\GitHub\Clinic-App-Local\clinic_app\services\ui.py", line 61, in render_page
    return render_template(
        template_name,
    ...<6 lines>...
        **ctx,
    )
  File "C:\Users\ivxti\OneDrive\Desktop\GitHub\Clinic-App-Local\.venv\Lib\site-packages\flask\templating.py", line 152, in render_template
    return _render(app, template, context)
  File "C:\Users\ivxti\OneDrive\Desktop\GitHub\Clinic-App-Local\.venv\Lib\site-packages\flask\templating.py", line 133, in _render
    rv = template.render(context)
  File "C:\Users\ivxti\OneDrive\Desktop\GitHub\Clinic-App-Local\.venv\Lib\site-packages\jinja2\environment.py", line 1295, in render
    self.environment.handle_exception()
    ~~~~~~~~~~~~~~~~~~~~~~~~~~~~~~~~~^^
  File "C:\Users\ivxti\OneDrive\Desktop\GitHub\Clinic-App-Local\.venv\Lib\site-packages\jinja2\environment.py", line 942, in handle_exception
    raise rewrite_traceback_stack(source=source)
  File "C:\Users\ivxti\OneDrive\Desktop\GitHub\Clinic-App-Local\templates\appointments\index.html", line 1, in top-level template code
    {% extends '_base.html' %}
    ^^^^^^^^^^^^^^^^^^^^^^^^^
  File "C:\Users\ivxti\OneDrive\Desktop\GitHub\Clinic-App-Local\templates\_base.html", line 17, in top-level template code
    {% block content %}{% endblock %}
    ^^^^^^^^^^^^^^^^^^^^^
  File "C:\Users\ivxti\OneDrive\Desktop\GitHub\Clinic-App-Local\templates\appointments\index.html", line 272, in block 'content'
    {{ appt.doctor_label }} · {{ start_display }}:{{ start_time[3:] }} {{ start_ampm }} → {{ end_display }}:{{ end_time[3:] }} {{ end_ampm }}
    ^^^^^^^^^
jinja2.exceptions.UndefinedError: 'start_time' is undefined

[2025-11-12T17:23:32.877606+00:00Z] appointments.index
Traceback (most recent call last):
  File "C:\Users\ivxti\OneDrive\Desktop\GitHub\Clinic-App-Local\clinic_app\blueprints\appointments\routes.py", line 70, in appointments_entrypoint
    return _render_timeline_page(day, doctor)
  File "C:\Users\ivxti\OneDrive\Desktop\GitHub\Clinic-App-Local\clinic_app\blueprints\appointments\routes.py", line 48, in _render_timeline_page
    return render_page(
        "appointments/index.html",
    ...<7 lines>...
        show_back=True,
    )
  File "C:\Users\ivxti\OneDrive\Desktop\GitHub\Clinic-App-Local\clinic_app\services\ui.py", line 61, in render_page
    return render_template(
        template_name,
    ...<6 lines>...
        **ctx,
    )
  File "C:\Users\ivxti\OneDrive\Desktop\GitHub\Clinic-App-Local\.venv\Lib\site-packages\flask\templating.py", line 152, in render_template
    return _render(app, template, context)
  File "C:\Users\ivxti\OneDrive\Desktop\GitHub\Clinic-App-Local\.venv\Lib\site-packages\flask\templating.py", line 133, in _render
    rv = template.render(context)
  File "C:\Users\ivxti\OneDrive\Desktop\GitHub\Clinic-App-Local\.venv\Lib\site-packages\jinja2\environment.py", line 1295, in render
    self.environment.handle_exception()
    ~~~~~~~~~~~~~~~~~~~~~~~~~~~~~~~~~^^
  File "C:\Users\ivxti\OneDrive\Desktop\GitHub\Clinic-App-Local\.venv\Lib\site-packages\jinja2\environment.py", line 942, in handle_exception
    raise rewrite_traceback_stack(source=source)
  File "C:\Users\ivxti\OneDrive\Desktop\GitHub\Clinic-App-Local\templates\appointments\index.html", line 1, in top-level template code
    {% extends '_base.html' %}
    ^^^^^^^^^^^^^^^^^^^^^^^^^
  File "C:\Users\ivxti\OneDrive\Desktop\GitHub\Clinic-App-Local\templates\_base.html", line 17, in top-level template code
    {% block content %}{% endblock %}
    ^^^^^^^^^^^^^^^^^^^^^
  File "C:\Users\ivxti\OneDrive\Desktop\GitHub\Clinic-App-Local\templates\appointments\index.html", line 272, in block 'content'
    {{ appt.doctor_label }} · {{ start_display }}:{{ start_time[3:] }} {{ start_ampm }} → {{ end_display }}:{{ end_time[3:] }} {{ end_ampm }}
    ^^^^^^^^^
jinja2.exceptions.UndefinedError: 'start_time' is undefined

[2025-11-12T17:34:17.595884+00:00Z] appointments.index
Traceback (most recent call last):
  File "C:\Users\ivxti\OneDrive\Desktop\GitHub\Clinic-App-Local\clinic_app\blueprints\appointments\routes.py", line 70, in appointments_entrypoint
    return _render_timeline_page(day, doctor)
  File "C:\Users\ivxti\OneDrive\Desktop\GitHub\Clinic-App-Local\clinic_app\blueprints\appointments\routes.py", line 48, in _render_timeline_page
    return render_page(
        "appointments/index.html",
    ...<7 lines>...
        show_back=True,
    )
  File "C:\Users\ivxti\OneDrive\Desktop\GitHub\Clinic-App-Local\clinic_app\services\ui.py", line 61, in render_page
    return render_template(
        template_name,
    ...<6 lines>...
        **ctx,
    )
  File "C:\Users\ivxti\OneDrive\Desktop\GitHub\Clinic-App-Local\.venv\Lib\site-packages\flask\templating.py", line 152, in render_template
    return _render(app, template, context)
  File "C:\Users\ivxti\OneDrive\Desktop\GitHub\Clinic-App-Local\.venv\Lib\site-packages\flask\templating.py", line 133, in _render
    rv = template.render(context)
  File "C:\Users\ivxti\OneDrive\Desktop\GitHub\Clinic-App-Local\.venv\Lib\site-packages\jinja2\environment.py", line 1295, in render
    self.environment.handle_exception()
    ~~~~~~~~~~~~~~~~~~~~~~~~~~~~~~~~~^^
  File "C:\Users\ivxti\OneDrive\Desktop\GitHub\Clinic-App-Local\.venv\Lib\site-packages\jinja2\environment.py", line 942, in handle_exception
    raise rewrite_traceback_stack(source=source)
  File "C:\Users\ivxti\OneDrive\Desktop\GitHub\Clinic-App-Local\templates\appointments\index.html", line 1, in top-level template code
    {% extends '_base.html' %}
    ^^^^^^^^^^^^^^^^^^^^^^^^^
  File "C:\Users\ivxti\OneDrive\Desktop\GitHub\Clinic-App-Local\templates\_base.html", line 17, in top-level template code
    {% block content %}{% endblock %}
    ^^^^^^^^^^^^^^^^^^^^^
  File "C:\Users\ivxti\OneDrive\Desktop\GitHub\Clinic-App-Local\templates\appointments\index.html", line 272, in block 'content'
    {{ appt.doctor_label }} · {{ start_display }}:{{ start_time[3:] }} {{ start_ampm }} → {{ end_display }}:{{ end_time[3:] }} {{ end_ampm }}
    ^^^^^^^^^
jinja2.exceptions.UndefinedError: 'start_time' is undefined

[2025-11-12T19:37:27.128888+00:00Z] appointments.table
Traceback (most recent call last):
  File "C:\Users\ivxti\OneDrive\Desktop\GitHub\Clinic-App-Local\clinic_app\blueprints\appointments\routes.py", line 175, in appointments_table
    return render_page(
        "appointments/table_view.html",
    ...<7 lines>...
        show_back=True,
    )
  File "C:\Users\ivxti\OneDrive\Desktop\GitHub\Clinic-App-Local\clinic_app\services\ui.py", line 61, in render_page
    return render_template(
        template_name,
    ...<6 lines>...
        **ctx,
    )
  File "C:\Users\ivxti\OneDrive\Desktop\GitHub\Clinic-App-Local\.venv\Lib\site-packages\flask\templating.py", line 152, in render_template
    return _render(app, template, context)
  File "C:\Users\ivxti\OneDrive\Desktop\GitHub\Clinic-App-Local\.venv\Lib\site-packages\flask\templating.py", line 133, in _render
    rv = template.render(context)
  File "C:\Users\ivxti\OneDrive\Desktop\GitHub\Clinic-App-Local\.venv\Lib\site-packages\jinja2\environment.py", line 1295, in render
    self.environment.handle_exception()
    ~~~~~~~~~~~~~~~~~~~~~~~~~~~~~~~~~^^
  File "C:\Users\ivxti\OneDrive\Desktop\GitHub\Clinic-App-Local\.venv\Lib\site-packages\jinja2\environment.py", line 942, in handle_exception
    raise rewrite_traceback_stack(source=source)
  File "C:\Users\ivxti\OneDrive\Desktop\GitHub\Clinic-App-Local\templates\appointments\table_view.html", line 1, in top-level template code
    {% extends '_base.html' %}
    ^^^^^^^^^^^^^^^^^^^^^^^^^
  File "C:\Users\ivxti\OneDrive\Desktop\GitHub\Clinic-App-Local\templates\_base.html", line 18, in top-level template code
    {% block content %}{% endblock %}
    ^^^^^^^^^^^^^^^^^^^^^
  File "C:\Users\ivxti\OneDrive\Desktop\GitHub\Clinic-App-Local\templates\appointments\table_view.html", line 774, in block 'content'
    edit: "{{ t('edit')|e('js') }}",
    ^^^^^^^^^^^^^
TypeError: escape() takes 1 positional argument but 2 were given

[2025-11-12T19:39:50.567712+00:00Z] appointments.table
Traceback (most recent call last):
  File "C:\Users\ivxti\OneDrive\Desktop\GitHub\Clinic-App-Local\clinic_app\blueprints\appointments\routes.py", line 175, in appointments_table
    return render_page(
        "appointments/table_view.html",
    ...<7 lines>...
        show_back=True,
    )
  File "C:\Users\ivxti\OneDrive\Desktop\GitHub\Clinic-App-Local\clinic_app\services\ui.py", line 61, in render_page
    return render_template(
        template_name,
    ...<6 lines>...
        **ctx,
    )
  File "C:\Users\ivxti\OneDrive\Desktop\GitHub\Clinic-App-Local\.venv\Lib\site-packages\flask\templating.py", line 152, in render_template
    return _render(app, template, context)
  File "C:\Users\ivxti\OneDrive\Desktop\GitHub\Clinic-App-Local\.venv\Lib\site-packages\flask\templating.py", line 133, in _render
    rv = template.render(context)
  File "C:\Users\ivxti\OneDrive\Desktop\GitHub\Clinic-App-Local\.venv\Lib\site-packages\jinja2\environment.py", line 1295, in render
    self.environment.handle_exception()
    ~~~~~~~~~~~~~~~~~~~~~~~~~~~~~~~~~^^
  File "C:\Users\ivxti\OneDrive\Desktop\GitHub\Clinic-App-Local\.venv\Lib\site-packages\jinja2\environment.py", line 942, in handle_exception
    raise rewrite_traceback_stack(source=source)
  File "C:\Users\ivxti\OneDrive\Desktop\GitHub\Clinic-App-Local\templates\appointments\table_view.html", line 1, in top-level template code
    {% extends '_base.html' %}
    ^^^^^^^^^^^^^^^^^^^^^^^^^
  File "C:\Users\ivxti\OneDrive\Desktop\GitHub\Clinic-App-Local\templates\_base.html", line 18, in top-level template code
    {% block content %}{% endblock %}
    ^^^^^^^^^^^^^^^^^^^^^
  File "C:\Users\ivxti\OneDrive\Desktop\GitHub\Clinic-App-Local\templates\appointments\table_view.html", line 774, in block 'content'
    edit: {{ t('edit')|tojson }},
    ^^^^^^^^^^^^^
TypeError: escape() takes 1 positional argument but 2 were given

[2025-11-13T03:45:45.619365+00:00Z] appointments.table
Traceback (most recent call last):
  File "c:\Users\ivxti\OneDrive\Desktop\GitHub\Clinic-App-Local\clinic_app\blueprints\appointments\routes.py", line 252, in appointments_table
    return render_page(
        "appointments/table_view_enhanced_v2.html",
    ...<18 lines>...
        show_back=True,
    )
  File "c:\Users\ivxti\OneDrive\Desktop\GitHub\Clinic-App-Local\clinic_app\services\ui.py", line 61, in render_page
    return render_template(
        template_name,
    ...<6 lines>...
        **ctx,
    )
  File "C:\Users\ivxti\AppData\Roaming\Python\Python313\site-packages\flask\templating.py", line 152, in render_template
    return _render(app, template, context)
  File "C:\Users\ivxti\AppData\Roaming\Python\Python313\site-packages\flask\templating.py", line 133, in _render
    rv = template.render(context)
  File "C:\Users\ivxti\AppData\Roaming\Python\Python313\site-packages\jinja2\environment.py", line 1295, in render
    self.environment.handle_exception()
    ~~~~~~~~~~~~~~~~~~~~~~~~~~~~~~~~~^^
  File "C:\Users\ivxti\AppData\Roaming\Python\Python313\site-packages\jinja2\environment.py", line 942, in handle_exception
    raise rewrite_traceback_stack(source=source)
  File "C:\Users\ivxti\OneDrive\Desktop\GitHub\Clinic-App-Local\templates\appointments\table_view_enhanced_v2.html", line 1, in top-level template code
    {% extends '_base.html' %}
    ^^^^^^^^^^^^^^^^^^^^^^^^^
  File "C:\Users\ivxti\OneDrive\Desktop\GitHub\Clinic-App-Local\templates\_base.html", line 18, in top-level template code
    {% block content %}{% endblock %}
    ^^^^^^^^^^^^^^^^^^^^^
  File "C:\Users\ivxti\OneDrive\Desktop\GitHub\Clinic-App-Local\templates\appointments\table_view_enhanced_v2.html", line 163, in block 'content'
    {% include 'appointments/_enhanced_appointment_card.html' with context %}
    ^^^^^^^^^^^^^^^^^
  File "C:\Users\ivxti\OneDrive\Desktop\GitHub\Clinic-App-Local\templates\appointments\_enhanced_appointment_card.html", line 2, in top-level template code
    <div class="enhanced-appointment-card status-{{ appointment.status }} time-{{ appointment.time_status }} doctor-{{ appointment.doctor_id }}"
    ^^^^^^^^^^^^^^^^^^^^^^^^^
  File "C:\Users\ivxti\AppData\Roaming\Python\Python313\site-packages\jinja2\environment.py", line 490, in getattr
    return getattr(obj, attribute)
jinja2.exceptions.UndefinedError: 'appointment' is undefined

[2025-11-13T03:45:51.797988+00:00Z] appointments.table
Traceback (most recent call last):
  File "c:\Users\ivxti\OneDrive\Desktop\GitHub\Clinic-App-Local\clinic_app\blueprints\appointments\routes.py", line 252, in appointments_table
    return render_page(
        "appointments/table_view_enhanced_v2.html",
    ...<18 lines>...
        show_back=True,
    )
  File "c:\Users\ivxti\OneDrive\Desktop\GitHub\Clinic-App-Local\clinic_app\services\ui.py", line 61, in render_page
    return render_template(
        template_name,
    ...<6 lines>...
        **ctx,
    )
  File "C:\Users\ivxti\AppData\Roaming\Python\Python313\site-packages\flask\templating.py", line 152, in render_template
    return _render(app, template, context)
  File "C:\Users\ivxti\AppData\Roaming\Python\Python313\site-packages\flask\templating.py", line 133, in _render
    rv = template.render(context)
  File "C:\Users\ivxti\AppData\Roaming\Python\Python313\site-packages\jinja2\environment.py", line 1295, in render
    self.environment.handle_exception()
    ~~~~~~~~~~~~~~~~~~~~~~~~~~~~~~~~~^^
  File "C:\Users\ivxti\AppData\Roaming\Python\Python313\site-packages\jinja2\environment.py", line 942, in handle_exception
    raise rewrite_traceback_stack(source=source)
  File "C:\Users\ivxti\OneDrive\Desktop\GitHub\Clinic-App-Local\templates\appointments\table_view_enhanced_v2.html", line 1, in top-level template code
    {% extends '_base.html' %}
    ^^^^^^^^^^^^^^^^^^^^^^^^^
  File "C:\Users\ivxti\OneDrive\Desktop\GitHub\Clinic-App-Local\templates\_base.html", line 18, in top-level template code
    {% block content %}{% endblock %}
    ^^^^^^^^^^^^^^^^^^^^^
  File "C:\Users\ivxti\OneDrive\Desktop\GitHub\Clinic-App-Local\templates\appointments\table_view_enhanced_v2.html", line 163, in block 'content'
    {% include 'appointments/_enhanced_appointment_card.html' with context %}
    ^^^^^^^^^^^^^^^^^
  File "C:\Users\ivxti\OneDrive\Desktop\GitHub\Clinic-App-Local\templates\appointments\_enhanced_appointment_card.html", line 2, in top-level template code
    <div class="enhanced-appointment-card status-{{ appointment.status }} time-{{ appointment.time_status }} doctor-{{ appointment.doctor_id }}"
    ^^^^^^^^^^^^^^^^^^^^^^^^^
  File "C:\Users\ivxti\AppData\Roaming\Python\Python313\site-packages\jinja2\environment.py", line 490, in getattr
    return getattr(obj, attribute)
jinja2.exceptions.UndefinedError: 'appointment' is undefined

[2025-11-13T03:47:37.995184+00:00Z] appointments.table
Traceback (most recent call last):
  File "c:\Users\ivxti\OneDrive\Desktop\GitHub\Clinic-App-Local\clinic_app\blueprints\appointments\routes.py", line 252, in appointments_table
    return render_page(
        "appointments/table_view_enhanced_v2.html",
    ...<18 lines>...
        show_back=True,
    )
  File "c:\Users\ivxti\OneDrive\Desktop\GitHub\Clinic-App-Local\clinic_app\services\ui.py", line 61, in render_page
    return render_template(
        template_name,
    ...<6 lines>...
        **ctx,
    )
  File "C:\Users\ivxti\AppData\Roaming\Python\Python313\site-packages\flask\templating.py", line 152, in render_template
    return _render(app, template, context)
  File "C:\Users\ivxti\AppData\Roaming\Python\Python313\site-packages\flask\templating.py", line 133, in _render
    rv = template.render(context)
  File "C:\Users\ivxti\AppData\Roaming\Python\Python313\site-packages\jinja2\environment.py", line 1295, in render
    self.environment.handle_exception()
    ~~~~~~~~~~~~~~~~~~~~~~~~~~~~~~~~~^^
  File "C:\Users\ivxti\AppData\Roaming\Python\Python313\site-packages\jinja2\environment.py", line 942, in handle_exception
    raise rewrite_traceback_stack(source=source)
  File "C:\Users\ivxti\OneDrive\Desktop\GitHub\Clinic-App-Local\templates\appointments\table_view_enhanced_v2.html", line 1, in top-level template code
    {% extends '_base.html' %}
    ^^^^^^^^^^^^^^^^^^^^^^^^^
  File "C:\Users\ivxti\OneDrive\Desktop\GitHub\Clinic-App-Local\templates\_base.html", line 18, in top-level template code
    {% block content %}{% endblock %}
    ^^^^^^^^^^^^^^^^^^^^^
  File "C:\Users\ivxti\OneDrive\Desktop\GitHub\Clinic-App-Local\templates\appointments\table_view_enhanced_v2.html", line 163, in block 'content'
    {% include 'appointments/_enhanced_appointment_card.html' with context %}
    ^^^^^^^^^^^^^^^^^
  File "C:\Users\ivxti\OneDrive\Desktop\GitHub\Clinic-App-Local\templates\appointments\_enhanced_appointment_card.html", line 2, in top-level template code
    <div class="enhanced-appointment-card status-{{ appointment.status }} time-{{ appointment.time_status }} doctor-{{ appointment.doctor_id }}"
    ^^^^^^^^^^^^^^^^^^^^^^^^^
  File "C:\Users\ivxti\AppData\Roaming\Python\Python313\site-packages\jinja2\environment.py", line 490, in getattr
    return getattr(obj, attribute)
jinja2.exceptions.UndefinedError: 'appointment' is undefined

[2025-11-13T03:47:47.219496+00:00Z] appointments.table
Traceback (most recent call last):
  File "c:\Users\ivxti\OneDrive\Desktop\GitHub\Clinic-App-Local\clinic_app\blueprints\appointments\routes.py", line 252, in appointments_table
    return render_page(
        "appointments/table_view_enhanced_v2.html",
    ...<18 lines>...
        show_back=True,
    )
  File "c:\Users\ivxti\OneDrive\Desktop\GitHub\Clinic-App-Local\clinic_app\services\ui.py", line 61, in render_page
    return render_template(
        template_name,
    ...<6 lines>...
        **ctx,
    )
  File "C:\Users\ivxti\AppData\Roaming\Python\Python313\site-packages\flask\templating.py", line 152, in render_template
    return _render(app, template, context)
  File "C:\Users\ivxti\AppData\Roaming\Python\Python313\site-packages\flask\templating.py", line 133, in _render
    rv = template.render(context)
  File "C:\Users\ivxti\AppData\Roaming\Python\Python313\site-packages\jinja2\environment.py", line 1295, in render
    self.environment.handle_exception()
    ~~~~~~~~~~~~~~~~~~~~~~~~~~~~~~~~~^^
  File "C:\Users\ivxti\AppData\Roaming\Python\Python313\site-packages\jinja2\environment.py", line 942, in handle_exception
    raise rewrite_traceback_stack(source=source)
  File "C:\Users\ivxti\OneDrive\Desktop\GitHub\Clinic-App-Local\templates\appointments\table_view_enhanced_v2.html", line 1, in top-level template code
    {% extends '_base.html' %}
    ^^^^^^^^^^^^^^^^^^^^^^^^^
  File "C:\Users\ivxti\OneDrive\Desktop\GitHub\Clinic-App-Local\templates\_base.html", line 18, in top-level template code
    {% block content %}{% endblock %}
    ^^^^^^^^^^^^^^^^^^^^^
  File "C:\Users\ivxti\OneDrive\Desktop\GitHub\Clinic-App-Local\templates\appointments\table_view_enhanced_v2.html", line 163, in block 'content'
    {% include 'appointments/_enhanced_appointment_card.html' with context %}
    ^^^^^^^^^^^^^^^^^
  File "C:\Users\ivxti\OneDrive\Desktop\GitHub\Clinic-App-Local\templates\appointments\_enhanced_appointment_card.html", line 2, in top-level template code
    <div class="enhanced-appointment-card status-{{ appointment.status }} time-{{ appointment.time_status }} doctor-{{ appointment.doctor_id }}"
    ^^^^^^^^^^^^^^^^^^^^^^^^^
  File "C:\Users\ivxti\AppData\Roaming\Python\Python313\site-packages\jinja2\environment.py", line 490, in getattr
    return getattr(obj, attribute)
jinja2.exceptions.UndefinedError: 'appointment' is undefined

[2025-11-13T03:49:12.115442+00:00Z] appointments.table
Traceback (most recent call last):
  File "c:\Users\ivxti\OneDrive\Desktop\GitHub\Clinic-App-Local\clinic_app\blueprints\appointments\routes.py", line 252, in appointments_table
    return render_page(
        "appointments/table_view_enhanced_v2.html",
    ...<18 lines>...
        show_back=True,
    )
  File "c:\Users\ivxti\OneDrive\Desktop\GitHub\Clinic-App-Local\clinic_app\services\ui.py", line 61, in render_page
    return render_template(
        template_name,
    ...<6 lines>...
        **ctx,
    )
  File "C:\Users\ivxti\AppData\Roaming\Python\Python313\site-packages\flask\templating.py", line 152, in render_template
    return _render(app, template, context)
  File "C:\Users\ivxti\AppData\Roaming\Python\Python313\site-packages\flask\templating.py", line 133, in _render
    rv = template.render(context)
  File "C:\Users\ivxti\AppData\Roaming\Python\Python313\site-packages\jinja2\environment.py", line 1295, in render
    self.environment.handle_exception()
    ~~~~~~~~~~~~~~~~~~~~~~~~~~~~~~~~~^^
  File "C:\Users\ivxti\AppData\Roaming\Python\Python313\site-packages\jinja2\environment.py", line 942, in handle_exception
    raise rewrite_traceback_stack(source=source)
  File "C:\Users\ivxti\OneDrive\Desktop\GitHub\Clinic-App-Local\templates\appointments\table_view_enhanced_v2.html", line 1, in top-level template code
    {% extends '_base.html' %}
    ^^^^^^^^^^^^^^^^^^^^^^^^^
  File "C:\Users\ivxti\OneDrive\Desktop\GitHub\Clinic-App-Local\templates\_base.html", line 18, in top-level template code
    {% block content %}{% endblock %}
    ^^^^^^^^^^^^^^^^^^^^^
  File "C:\Users\ivxti\OneDrive\Desktop\GitHub\Clinic-App-Local\templates\appointments\table_view_enhanced_v2.html", line 163, in block 'content'
    {% include 'appointments/_enhanced_appointment_card.html' with context %}
    ^^^^^^^^^^^^^^^^^
  File "C:\Users\ivxti\OneDrive\Desktop\GitHub\Clinic-App-Local\templates\appointments\_enhanced_appointment_card.html", line 2, in top-level template code
    <div class="enhanced-appointment-card status-{{ appt.status }} time-{{ appt.time_status }} doctor-{{ appt.doctor_id }}"
    ^^^^^^^^^^^^^^^^^^^^^^^^^
  File "C:\Users\ivxti\AppData\Roaming\Python\Python313\site-packages\jinja2\environment.py", line 490, in getattr
    return getattr(obj, attribute)
jinja2.exceptions.UndefinedError: 'appointment' is undefined

[2025-11-13T03:49:31.671021+00:00Z] appointments.table
Traceback (most recent call last):
  File "c:\Users\ivxti\OneDrive\Desktop\GitHub\Clinic-App-Local\clinic_app\blueprints\appointments\routes.py", line 252, in appointments_table
    return render_page(
        "appointments/table_view_enhanced_v2.html",
    ...<18 lines>...
        show_back=True,
    )
  File "c:\Users\ivxti\OneDrive\Desktop\GitHub\Clinic-App-Local\clinic_app\services\ui.py", line 61, in render_page
    return render_template(
        template_name,
    ...<6 lines>...
        **ctx,
    )
  File "C:\Users\ivxti\AppData\Roaming\Python\Python313\site-packages\flask\templating.py", line 152, in render_template
    return _render(app, template, context)
  File "C:\Users\ivxti\AppData\Roaming\Python\Python313\site-packages\flask\templating.py", line 133, in _render
    rv = template.render(context)
  File "C:\Users\ivxti\AppData\Roaming\Python\Python313\site-packages\jinja2\environment.py", line 1295, in render
    self.environment.handle_exception()
    ~~~~~~~~~~~~~~~~~~~~~~~~~~~~~~~~~^^
  File "C:\Users\ivxti\AppData\Roaming\Python\Python313\site-packages\jinja2\environment.py", line 942, in handle_exception
    raise rewrite_traceback_stack(source=source)
  File "C:\Users\ivxti\OneDrive\Desktop\GitHub\Clinic-App-Local\templates\appointments\table_view_enhanced_v2.html", line 1, in top-level template code
    {% extends '_base.html' %}
    ^^^^^^^^^^^^^^^^^^^^^^^^^
  File "C:\Users\ivxti\OneDrive\Desktop\GitHub\Clinic-App-Local\templates\_base.html", line 18, in top-level template code
    {% block content %}{% endblock %}
    ^^^^^^^^^^^^^^^^^^^^^
  File "C:\Users\ivxti\OneDrive\Desktop\GitHub\Clinic-App-Local\templates\appointments\table_view_enhanced_v2.html", line 163, in block 'content'
    {% include 'appointments/_enhanced_appointment_card.html' with context %}
    ^^^^^^^^^^^^^^^^^
  File "C:\Users\ivxti\OneDrive\Desktop\GitHub\Clinic-App-Local\templates\appointments\_enhanced_appointment_card.html", line 2, in top-level template code
    <div class="enhanced-appointment-card status-{{ appt.status }} time-{{ appt.time_status }} doctor-{{ appt.doctor_id }}"
    ^^^^^^^^^^^^^^^^^^^^^^^^^
  File "C:\Users\ivxti\AppData\Roaming\Python\Python313\site-packages\jinja2\environment.py", line 490, in getattr
    return getattr(obj, attribute)
jinja2.exceptions.UndefinedError: 'appointment' is undefined

[2025-11-13T03:49:38.436175+00:00Z] appointments.table
Traceback (most recent call last):
  File "c:\Users\ivxti\OneDrive\Desktop\GitHub\Clinic-App-Local\clinic_app\blueprints\appointments\routes.py", line 252, in appointments_table
    return render_page(
        "appointments/table_view_enhanced_v2.html",
    ...<18 lines>...
        show_back=True,
    )
  File "c:\Users\ivxti\OneDrive\Desktop\GitHub\Clinic-App-Local\clinic_app\services\ui.py", line 61, in render_page
    return render_template(
        template_name,
    ...<6 lines>...
        **ctx,
    )
  File "C:\Users\ivxti\AppData\Roaming\Python\Python313\site-packages\flask\templating.py", line 152, in render_template
    return _render(app, template, context)
  File "C:\Users\ivxti\AppData\Roaming\Python\Python313\site-packages\flask\templating.py", line 133, in _render
    rv = template.render(context)
  File "C:\Users\ivxti\AppData\Roaming\Python\Python313\site-packages\jinja2\environment.py", line 1295, in render
    self.environment.handle_exception()
    ~~~~~~~~~~~~~~~~~~~~~~~~~~~~~~~~~^^
  File "C:\Users\ivxti\AppData\Roaming\Python\Python313\site-packages\jinja2\environment.py", line 942, in handle_exception
    raise rewrite_traceback_stack(source=source)
  File "C:\Users\ivxti\OneDrive\Desktop\GitHub\Clinic-App-Local\templates\appointments\table_view_enhanced_v2.html", line 1, in top-level template code
    {% extends '_base.html' %}
    ^^^^^^^^^^^^^^^^^^^^^^^^^
  File "C:\Users\ivxti\OneDrive\Desktop\GitHub\Clinic-App-Local\templates\_base.html", line 18, in top-level template code
    {% block content %}{% endblock %}
    ^^^^^^^^^^^^^^^^^^^^^
  File "C:\Users\ivxti\OneDrive\Desktop\GitHub\Clinic-App-Local\templates\appointments\table_view_enhanced_v2.html", line 163, in block 'content'
    {% include 'appointments/_enhanced_appointment_card.html' with context %}
    ^^^^^^^^^^^^^^^^^
  File "C:\Users\ivxti\OneDrive\Desktop\GitHub\Clinic-App-Local\templates\appointments\_enhanced_appointment_card.html", line 2, in top-level template code
    <div class="enhanced-appointment-card status-{{ appt.status }} time-{{ appt.time_status }} doctor-{{ appt.doctor_id }}"
    ^^^^^^^^^^^^^^^^^^^^^^^^^
  File "C:\Users\ivxti\AppData\Roaming\Python\Python313\site-packages\jinja2\environment.py", line 490, in getattr
    return getattr(obj, attribute)
jinja2.exceptions.UndefinedError: 'appointment' is undefined

[2025-11-13T03:55:32.909357+00:00Z] appointments.table
Traceback (most recent call last):
  File "c:\Users\ivxti\OneDrive\Desktop\GitHub\Clinic-App-Local\clinic_app\blueprints\appointments\routes.py", line 252, in appointments_table
    selected_doctor_label = None
           ^^^^^^^^^^^^^^^^^^^^^
    ...<20 lines>...
        range_label=range_label,
    
  File "c:\Users\ivxti\OneDrive\Desktop\GitHub\Clinic-App-Local\clinic_app\services\ui.py", line 61, in render_page
    return render_template(
        template_name,
    ...<6 lines>...
        **ctx,
    )
  File "C:\Users\ivxti\AppData\Roaming\Python\Python313\site-packages\flask\templating.py", line 152, in render_template
    return _render(app, template, context)
  File "C:\Users\ivxti\AppData\Roaming\Python\Python313\site-packages\flask\templating.py", line 133, in _render
    rv = template.render(context)
  File "C:\Users\ivxti\AppData\Roaming\Python\Python313\site-packages\jinja2\environment.py", line 1295, in render
    self.environment.handle_exception()
    ~~~~~~~~~~~~~~~~~~~~~~~~~~~~~~~~~^^
  File "C:\Users\ivxti\AppData\Roaming\Python\Python313\site-packages\jinja2\environment.py", line 942, in handle_exception
    raise rewrite_traceback_stack(source=source)
  File "C:\Users\ivxti\OneDrive\Desktop\GitHub\Clinic-App-Local\templates\appointments\table_view_enhanced_v2.html", line 1, in top-level template code
    {% extends '_base.html' %}
    ^^^^^^^^^^^^^^^^^^^^^^^^^
  File "C:\Users\ivxti\OneDrive\Desktop\GitHub\Clinic-App-Local\templates\_base.html", line 18, in top-level template code
    {% block content %}{% endblock %}
    ^^^^^^^^^^^^^^^^^^^^^
  File "C:\Users\ivxti\OneDrive\Desktop\GitHub\Clinic-App-Local\templates\appointments\table_view_enhanced_v2.html", line 163, in block 'content'
    {% include 'appointments/_enhanced_appointment_card.html' %}
    ^^^^^^^^^^^^^^^^^
  File "C:\Users\ivxti\OneDrive\Desktop\GitHub\Clinic-App-Local\templates\appointments\_enhanced_appointment_card.html", line 2, in top-level template code
    <div class="enhanced-appointment-card status-{{ appt.status }} time-{{ appt.time_status }} doctor-{{ appt.doctor_id }}"
    ^^^^^^^^^^^^^^^^^^^^^^^^^
  File "C:\Users\ivxti\AppData\Roaming\Python\Python313\site-packages\jinja2\environment.py", line 490, in getattr
    return getattr(obj, attribute)
jinja2.exceptions.UndefinedError: 'appointment' is undefined

[2025-11-13T03:55:36.686945+00:00Z] appointments.table
Traceback (most recent call last):
  File "c:\Users\ivxti\OneDrive\Desktop\GitHub\Clinic-App-Local\clinic_app\blueprints\appointments\routes.py", line 252, in appointments_table
    selected_doctor_label = None
           ^^^^^^^^^^^^^^^^^^^^^
    ...<20 lines>...
        range_label=range_label,
    
  File "c:\Users\ivxti\OneDrive\Desktop\GitHub\Clinic-App-Local\clinic_app\services\ui.py", line 61, in render_page
    return render_template(
        template_name,
    ...<6 lines>...
        **ctx,
    )
  File "C:\Users\ivxti\AppData\Roaming\Python\Python313\site-packages\flask\templating.py", line 152, in render_template
    return _render(app, template, context)
  File "C:\Users\ivxti\AppData\Roaming\Python\Python313\site-packages\flask\templating.py", line 133, in _render
    rv = template.render(context)
  File "C:\Users\ivxti\AppData\Roaming\Python\Python313\site-packages\jinja2\environment.py", line 1295, in render
    self.environment.handle_exception()
    ~~~~~~~~~~~~~~~~~~~~~~~~~~~~~~~~~^^
  File "C:\Users\ivxti\AppData\Roaming\Python\Python313\site-packages\jinja2\environment.py", line 942, in handle_exception
    raise rewrite_traceback_stack(source=source)
  File "C:\Users\ivxti\OneDrive\Desktop\GitHub\Clinic-App-Local\templates\appointments\table_view_enhanced_v2.html", line 1, in top-level template code
    {% extends '_base.html' %}
    ^^^^^^^^^^^^^^^^^^^^^^^^^
  File "C:\Users\ivxti\OneDrive\Desktop\GitHub\Clinic-App-Local\templates\_base.html", line 18, in top-level template code
    {% block content %}{% endblock %}
    ^^^^^^^^^^^^^^^^^^^^^
  File "C:\Users\ivxti\OneDrive\Desktop\GitHub\Clinic-App-Local\templates\appointments\table_view_enhanced_v2.html", line 163, in block 'content'
    {% include 'appointments/_enhanced_appointment_card.html' %}
    ^^^^^^^^^^^^^^^^^
  File "C:\Users\ivxti\OneDrive\Desktop\GitHub\Clinic-App-Local\templates\appointments\_enhanced_appointment_card.html", line 2, in top-level template code
    <div class="enhanced-appointment-card status-{{ appt.status }} time-{{ appt.time_status }} doctor-{{ appt.doctor_id }}"
    ^^^^^^^^^^^^^^^^^^^^^^^^^
  File "C:\Users\ivxti\AppData\Roaming\Python\Python313\site-packages\jinja2\environment.py", line 490, in getattr
    return getattr(obj, attribute)
jinja2.exceptions.UndefinedError: 'appointment' is undefined

[2025-11-13T03:57:24.856163+00:00Z] appointments.table
Traceback (most recent call last):
  File "c:\Users\ivxti\OneDrive\Desktop\GitHub\Clinic-App-Local\clinic_app\blueprints\appointments\routes.py", line 252, in appointments_table
    return render_page(
        "appointments/table_view_pro.html",
    ...<18 lines>...
        show_back=True,
    )
  File "c:\Users\ivxti\OneDrive\Desktop\GitHub\Clinic-App-Local\clinic_app\services\ui.py", line 61, in render_page
    return render_template(
        template_name,
    ...<6 lines>...
        **ctx,
    )
  File "C:\Users\ivxti\AppData\Roaming\Python\Python313\site-packages\flask\templating.py", line 152, in render_template
    return _render(app, template, context)
  File "C:\Users\ivxti\AppData\Roaming\Python\Python313\site-packages\flask\templating.py", line 133, in _render
    rv = template.render(context)
  File "C:\Users\ivxti\AppData\Roaming\Python\Python313\site-packages\jinja2\environment.py", line 1295, in render
    self.environment.handle_exception()
    ~~~~~~~~~~~~~~~~~~~~~~~~~~~~~~~~~^^
  File "C:\Users\ivxti\AppData\Roaming\Python\Python313\site-packages\jinja2\environment.py", line 942, in handle_exception
    raise rewrite_traceback_stack(source=source)
  File "C:\Users\ivxti\OneDrive\Desktop\GitHub\Clinic-App-Local\templates\appointments\table_view_enhanced_v2.html", line 1, in top-level template code
  File "C:\Users\ivxti\OneDrive\Desktop\GitHub\Clinic-App-Local\templates\_base.html", line 18, in top-level template code
    {% block content %}{% endblock %}
    ^^^^^^^^^^^^^^^^^^^^^
  File "C:\Users\ivxti\OneDrive\Desktop\GitHub\Clinic-App-Local\templates\appointments\table_view_enhanced_v2.html", line 163, in block 'content'
  File "C:\Users\ivxti\OneDrive\Desktop\GitHub\Clinic-App-Local\templates\appointments\_enhanced_appointment_card.html", line 2, in top-level template code
  File "C:\Users\ivxti\AppData\Roaming\Python\Python313\site-packages\jinja2\environment.py", line 490, in getattr
    return getattr(obj, attribute)
jinja2.exceptions.UndefinedError: 'appointment' is undefined

[2025-11-13T03:57:39.262811+00:00Z] appointments.table
Traceback (most recent call last):
  File "c:\Users\ivxti\OneDrive\Desktop\GitHub\Clinic-App-Local\clinic_app\blueprints\appointments\routes.py", line 252, in appointments_table
    return render_page(
        "appointments/table_view_pro.html",
    ...<18 lines>...
        show_back=True,
    )
  File "c:\Users\ivxti\OneDrive\Desktop\GitHub\Clinic-App-Local\clinic_app\services\ui.py", line 61, in render_page
    return render_template(
        template_name,
    ...<6 lines>...
        **ctx,
    )
  File "C:\Users\ivxti\AppData\Roaming\Python\Python313\site-packages\flask\templating.py", line 152, in render_template
    return _render(app, template, context)
  File "C:\Users\ivxti\AppData\Roaming\Python\Python313\site-packages\flask\templating.py", line 133, in _render
    rv = template.render(context)
  File "C:\Users\ivxti\AppData\Roaming\Python\Python313\site-packages\jinja2\environment.py", line 1295, in render
    self.environment.handle_exception()
    ~~~~~~~~~~~~~~~~~~~~~~~~~~~~~~~~~^^
  File "C:\Users\ivxti\AppData\Roaming\Python\Python313\site-packages\jinja2\environment.py", line 942, in handle_exception
    raise rewrite_traceback_stack(source=source)
  File "C:\Users\ivxti\OneDrive\Desktop\GitHub\Clinic-App-Local\templates\appointments\table_view_enhanced_v2.html", line 1, in top-level template code
  File "C:\Users\ivxti\OneDrive\Desktop\GitHub\Clinic-App-Local\templates\_base.html", line 18, in top-level template code
    {% block content %}{% endblock %}
    ^^^^^^^^^^^^^^^^^^^^^
  File "C:\Users\ivxti\OneDrive\Desktop\GitHub\Clinic-App-Local\templates\appointments\table_view_enhanced_v2.html", line 163, in block 'content'
  File "C:\Users\ivxti\OneDrive\Desktop\GitHub\Clinic-App-Local\templates\appointments\_enhanced_appointment_card.html", line 2, in top-level template code
  File "C:\Users\ivxti\AppData\Roaming\Python\Python313\site-packages\jinja2\environment.py", line 490, in getattr
    return getattr(obj, attribute)
jinja2.exceptions.UndefinedError: 'appointment' is undefined

[2025-11-13T03:58:20.558744+00:00Z] appointments.table
Traceback (most recent call last):
  File "c:\Users\ivxti\OneDrive\Desktop\GitHub\Clinic-App-Local\clinic_app\blueprints\appointments\routes.py", line 252, in appointments_table
    return render_page(
        "appointments/table_view_pro.html",
    ...<18 lines>...
        show_back=True,
    )
  File "c:\Users\ivxti\OneDrive\Desktop\GitHub\Clinic-App-Local\clinic_app\services\ui.py", line 61, in render_page
    return render_template(
        template_name,
    ...<6 lines>...
        **ctx,
    )
  File "C:\Users\ivxti\AppData\Roaming\Python\Python313\site-packages\flask\templating.py", line 152, in render_template
    return _render(app, template, context)
  File "C:\Users\ivxti\AppData\Roaming\Python\Python313\site-packages\flask\templating.py", line 133, in _render
    rv = template.render(context)
  File "C:\Users\ivxti\AppData\Roaming\Python\Python313\site-packages\jinja2\environment.py", line 1295, in render
    self.environment.handle_exception()
    ~~~~~~~~~~~~~~~~~~~~~~~~~~~~~~~~~^^
  File "C:\Users\ivxti\AppData\Roaming\Python\Python313\site-packages\jinja2\environment.py", line 942, in handle_exception
    raise rewrite_traceback_stack(source=source)
  File "C:\Users\ivxti\OneDrive\Desktop\GitHub\Clinic-App-Local\templates\appointments\table_view_enhanced_v2.html", line 1, in top-level template code
    {% extends '_base.html' %}
    ^^^^^^^^^^^^^^^^^^^^^^^^^
  File "C:\Users\ivxti\OneDrive\Desktop\GitHub\Clinic-App-Local\templates\_base.html", line 18, in top-level template code
    {% block content %}{% endblock %}
    ^^^^^^^^^^^^^^^^^^^^^
  File "C:\Users\ivxti\OneDrive\Desktop\GitHub\Clinic-App-Local\templates\appointments\table_view_enhanced_v2.html", line 163, in block 'content'
    {% include 'appointments/_enhanced_appointment_card.html' with context %}
    ^^^^^^^^^^^^^^^^^
  File "C:\Users\ivxti\OneDrive\Desktop\GitHub\Clinic-App-Local\templates\appointments\_enhanced_appointment_card.html", line 2, in top-level template code
    <div class="enhanced-appointment-card status-{{ appointment.status }} time-{{ appointment.time_status }} doctor-{{ appointment.doctor_id }}"
    ^^^^^^^^^^^^^^^^^^^^^^^^^
  File "C:\Users\ivxti\AppData\Roaming\Python\Python313\site-packages\jinja2\environment.py", line 490, in getattr
    return getattr(obj, attribute)
jinja2.exceptions.UndefinedError: 'appointment' is undefined

[2025-11-13T03:58:59.234229+00:00Z] appointments.table
Traceback (most recent call last):
  File "c:\Users\ivxti\OneDrive\Desktop\GitHub\Clinic-App-Local\clinic_app\blueprints\appointments\routes.py", line 252, in appointments_table
    return render_page(
        "appointments/table_view_pro.html",
    ...<18 lines>...
        show_back=True,
    )
  File "c:\Users\ivxti\OneDrive\Desktop\GitHub\Clinic-App-Local\clinic_app\services\ui.py", line 61, in render_page
    return render_template(
        template_name,
    ...<6 lines>...
        **ctx,
    )
  File "C:\Users\ivxti\AppData\Roaming\Python\Python313\site-packages\flask\templating.py", line 152, in render_template
    return _render(app, template, context)
  File "C:\Users\ivxti\AppData\Roaming\Python\Python313\site-packages\flask\templating.py", line 133, in _render
    rv = template.render(context)
  File "C:\Users\ivxti\AppData\Roaming\Python\Python313\site-packages\jinja2\environment.py", line 1295, in render
    self.environment.handle_exception()
    ~~~~~~~~~~~~~~~~~~~~~~~~~~~~~~~~~^^
  File "C:\Users\ivxti\AppData\Roaming\Python\Python313\site-packages\jinja2\environment.py", line 942, in handle_exception
    raise rewrite_traceback_stack(source=source)
  File "C:\Users\ivxti\OneDrive\Desktop\GitHub\Clinic-App-Local\templates\appointments\table_view_enhanced_v2.html", line 1, in top-level template code
  File "C:\Users\ivxti\OneDrive\Desktop\GitHub\Clinic-App-Local\templates\_base.html", line 18, in top-level template code
    {% block content %}{% endblock %}
    ^^^^^^^^^^^^^^^^^^^^^
  File "C:\Users\ivxti\OneDrive\Desktop\GitHub\Clinic-App-Local\templates\appointments\table_view_enhanced_v2.html", line 163, in block 'content'
  File "C:\Users\ivxti\OneDrive\Desktop\GitHub\Clinic-App-Local\templates\appointments\_enhanced_appointment_card.html", line 2, in top-level template code
  File "C:\Users\ivxti\AppData\Roaming\Python\Python313\site-packages\jinja2\environment.py", line 490, in getattr
    return getattr(obj, attribute)
jinja2.exceptions.UndefinedError: 'appointment' is undefined

[2025-11-13T03:59:19.696163+00:00Z] appointments.table
Traceback (most recent call last):
  File "c:\Users\ivxti\OneDrive\Desktop\GitHub\Clinic-App-Local\clinic_app\blueprints\appointments\routes.py", line 252, in appointments_table
    return render_page(
        "appointments/table_view_pro.html",
    ...<18 lines>...
        show_back=True,
    )
  File "c:\Users\ivxti\OneDrive\Desktop\GitHub\Clinic-App-Local\clinic_app\services\ui.py", line 61, in render_page
    return render_template(
        template_name,
    ...<6 lines>...
        **ctx,
    )
  File "C:\Users\ivxti\AppData\Roaming\Python\Python313\site-packages\flask\templating.py", line 152, in render_template
    return _render(app, template, context)
  File "C:\Users\ivxti\AppData\Roaming\Python\Python313\site-packages\flask\templating.py", line 133, in _render
    rv = template.render(context)
  File "C:\Users\ivxti\AppData\Roaming\Python\Python313\site-packages\jinja2\environment.py", line 1295, in render
    self.environment.handle_exception()
    ~~~~~~~~~~~~~~~~~~~~~~~~~~~~~~~~~^^
  File "C:\Users\ivxti\AppData\Roaming\Python\Python313\site-packages\jinja2\environment.py", line 942, in handle_exception
    raise rewrite_traceback_stack(source=source)
  File "C:\Users\ivxti\OneDrive\Desktop\GitHub\Clinic-App-Local\templates\appointments\table_view_enhanced_v2.html", line 1, in top-level template code
  File "C:\Users\ivxti\OneDrive\Desktop\GitHub\Clinic-App-Local\templates\_base.html", line 18, in top-level template code
    {% block content %}{% endblock %}
    ^^^^^^^^^^^^^^^^^^^^^
  File "C:\Users\ivxti\OneDrive\Desktop\GitHub\Clinic-App-Local\templates\appointments\table_view_enhanced_v2.html", line 163, in block 'content'
  File "C:\Users\ivxti\OneDrive\Desktop\GitHub\Clinic-App-Local\templates\appointments\_enhanced_appointment_card.html", line 2, in top-level template code
  File "C:\Users\ivxti\AppData\Roaming\Python\Python313\site-packages\jinja2\environment.py", line 490, in getattr
    return getattr(obj, attribute)
jinja2.exceptions.UndefinedError: 'appointment' is undefined

[2025-11-13T04:34:12.730998+00:00Z] appointments.simple_view
Traceback (most recent call last):
  File "c:\Users\ivxti\OneDrive\Desktop\GitHub\Clinic-App-Local\clinic_app\blueprints\appointments\routes.py", line 220, in appointments_simple_view
    return render_page(
        "appointments/simple_view.html",
    ...<10 lines>...
        end_day=None,  # Simple view shows single day
    )
  File "c:\Users\ivxti\OneDrive\Desktop\GitHub\Clinic-App-Local\clinic_app\services\ui.py", line 61, in render_page
    return render_template(
        template_name,
    ...<6 lines>...
        **ctx,
    )
  File "C:\Users\ivxti\AppData\Roaming\Python\Python313\site-packages\flask\templating.py", line 152, in render_template
    return _render(app, template, context)
  File "C:\Users\ivxti\AppData\Roaming\Python\Python313\site-packages\flask\templating.py", line 133, in _render
    rv = template.render(context)
  File "C:\Users\ivxti\AppData\Roaming\Python\Python313\site-packages\jinja2\environment.py", line 1295, in render
    self.environment.handle_exception()
    ~~~~~~~~~~~~~~~~~~~~~~~~~~~~~~~~~^^
  File "C:\Users\ivxti\AppData\Roaming\Python\Python313\site-packages\jinja2\environment.py", line 942, in handle_exception
    raise rewrite_traceback_stack(source=source)
  File "C:\Users\ivxti\OneDrive\Desktop\GitHub\Clinic-App-Local\templates\appointments\simple_view.html", line 1, in top-level template code
    {% extends '_base.html' %}
    ^^^^^^^^^^^^^^^^^^^^^^^^^
  File "C:\Users\ivxti\OneDrive\Desktop\GitHub\Clinic-App-Local\templates\_base.html", line 18, in top-level template code
    {% block content %}{% endblock %}
    ^^^^^^^^^^^^^^^^^^^^^
  File "C:\Users\ivxti\OneDrive\Desktop\GitHub\Clinic-App-Local\templates\appointments\simple_view.html", line 866, in block 'content'
    <a href="{{ url_for('patients.view', patient_id=appt.patient_id) }}" class="patient-badge">
    ^^^^^^^^^
  File "C:\Users\ivxti\AppData\Roaming\Python\Python313\site-packages\flask\app.py", line 1071, in url_for
    return self.handle_url_build_error(error, endpoint, values)
           ~~~~~~~~~~~~~~~~~~~~~~~~~~~^^^^^^^^^^^^^^^^^^^^^^^^^
  File "C:\Users\ivxti\AppData\Roaming\Python\Python313\site-packages\flask\app.py", line 1060, in url_for
    rv = url_adapter.build(  # type: ignore[union-attr]
        endpoint,
    ...<3 lines>...
        force_external=_external,
    )
  File "C:\Users\ivxti\AppData\Roaming\Python\Python313\site-packages\werkzeug\routing\map.py", line 924, in build
    raise BuildError(endpoint, values, method, self)
werkzeug.routing.exceptions.BuildError: Could not build url for endpoint 'patients.view' with values ['patient_id']. Did you mean 'patients.index' instead?

[2025-11-13T04:35:49.918984+00:00Z] appointments.simple_view
Traceback (most recent call last):
  File "c:\Users\ivxti\OneDrive\Desktop\GitHub\Clinic-App-Local\clinic_app\blueprints\appointments\routes.py", line 220, in appointments_simple_view
    return render_page(
        "appointments/simple_view.html",
    ...<10 lines>...
        end_day=None,  # Simple view shows single day
    )
  File "c:\Users\ivxti\OneDrive\Desktop\GitHub\Clinic-App-Local\clinic_app\services\ui.py", line 61, in render_page
    return render_template(
        template_name,
    ...<6 lines>...
        **ctx,
    )
  File "C:\Users\ivxti\AppData\Roaming\Python\Python313\site-packages\flask\templating.py", line 152, in render_template
    return _render(app, template, context)
  File "C:\Users\ivxti\AppData\Roaming\Python\Python313\site-packages\flask\templating.py", line 133, in _render
    rv = template.render(context)
  File "C:\Users\ivxti\AppData\Roaming\Python\Python313\site-packages\jinja2\environment.py", line 1295, in render
    self.environment.handle_exception()
    ~~~~~~~~~~~~~~~~~~~~~~~~~~~~~~~~~^^
  File "C:\Users\ivxti\AppData\Roaming\Python\Python313\site-packages\jinja2\environment.py", line 942, in handle_exception
    raise rewrite_traceback_stack(source=source)
  File "C:\Users\ivxti\OneDrive\Desktop\GitHub\Clinic-App-Local\templates\appointments\simple_view.html", line 1, in top-level template code
    {% extends '_base.html' %}
    ^^^^^^^^^^^^^^^^^^^^^^^^^
  File "C:\Users\ivxti\OneDrive\Desktop\GitHub\Clinic-App-Local\templates\_base.html", line 18, in top-level template code
    {% block content %}{% endblock %}
    ^^^^^^^^^^^^^^^^^^^^^
  File "C:\Users\ivxti\OneDrive\Desktop\GitHub\Clinic-App-Local\templates\appointments\simple_view.html", line 866, in block 'content'
    <a href="{{ url_for('patients.view', patient_id=appt.patient_id) }}" class="patient-badge">
    ^^^^^^^^^
  File "C:\Users\ivxti\AppData\Roaming\Python\Python313\site-packages\flask\app.py", line 1071, in url_for
    return self.handle_url_build_error(error, endpoint, values)
           ~~~~~~~~~~~~~~~~~~~~~~~~~~~^^^^^^^^^^^^^^^^^^^^^^^^^
  File "C:\Users\ivxti\AppData\Roaming\Python\Python313\site-packages\flask\app.py", line 1060, in url_for
    rv = url_adapter.build(  # type: ignore[union-attr]
        endpoint,
    ...<3 lines>...
        force_external=_external,
    )
  File "C:\Users\ivxti\AppData\Roaming\Python\Python313\site-packages\werkzeug\routing\map.py", line 924, in build
    raise BuildError(endpoint, values, method, self)
werkzeug.routing.exceptions.BuildError: Could not build url for endpoint 'patients.view' with values ['patient_id']. Did you mean 'patients.index' instead?

[2025-11-13T04:35:51.329275+00:00Z] appointments.simple_view
Traceback (most recent call last):
  File "c:\Users\ivxti\OneDrive\Desktop\GitHub\Clinic-App-Local\clinic_app\blueprints\appointments\routes.py", line 220, in appointments_simple_view
    return render_page(
        "appointments/simple_view.html",
    ...<10 lines>...
        end_day=None,  # Simple view shows single day
    )
  File "c:\Users\ivxti\OneDrive\Desktop\GitHub\Clinic-App-Local\clinic_app\services\ui.py", line 61, in render_page
    return render_template(
        template_name,
    ...<6 lines>...
        **ctx,
    )
  File "C:\Users\ivxti\AppData\Roaming\Python\Python313\site-packages\flask\templating.py", line 152, in render_template
    return _render(app, template, context)
  File "C:\Users\ivxti\AppData\Roaming\Python\Python313\site-packages\flask\templating.py", line 133, in _render
    rv = template.render(context)
  File "C:\Users\ivxti\AppData\Roaming\Python\Python313\site-packages\jinja2\environment.py", line 1295, in render
    self.environment.handle_exception()
    ~~~~~~~~~~~~~~~~~~~~~~~~~~~~~~~~~^^
  File "C:\Users\ivxti\AppData\Roaming\Python\Python313\site-packages\jinja2\environment.py", line 942, in handle_exception
    raise rewrite_traceback_stack(source=source)
  File "C:\Users\ivxti\OneDrive\Desktop\GitHub\Clinic-App-Local\templates\appointments\simple_view.html", line 1, in top-level template code
    {% extends '_base.html' %}
    ^^^^^^^^^^^^^^^^^^^^^^^^^
  File "C:\Users\ivxti\OneDrive\Desktop\GitHub\Clinic-App-Local\templates\_base.html", line 18, in top-level template code
    {% block content %}{% endblock %}
    ^^^^^^^^^^^^^^^^^^^^^
  File "C:\Users\ivxti\OneDrive\Desktop\GitHub\Clinic-App-Local\templates\appointments\simple_view.html", line 866, in block 'content'
    <a href="{{ url_for('patients.view', patient_id=appt.patient_id) }}" class="patient-badge">
    ^^^^^^^^^
  File "C:\Users\ivxti\AppData\Roaming\Python\Python313\site-packages\flask\app.py", line 1071, in url_for
    return self.handle_url_build_error(error, endpoint, values)
           ~~~~~~~~~~~~~~~~~~~~~~~~~~~^^^^^^^^^^^^^^^^^^^^^^^^^
  File "C:\Users\ivxti\AppData\Roaming\Python\Python313\site-packages\flask\app.py", line 1060, in url_for
    rv = url_adapter.build(  # type: ignore[union-attr]
        endpoint,
    ...<3 lines>...
        force_external=_external,
    )
  File "C:\Users\ivxti\AppData\Roaming\Python\Python313\site-packages\werkzeug\routing\map.py", line 924, in build
    raise BuildError(endpoint, values, method, self)
werkzeug.routing.exceptions.BuildError: Could not build url for endpoint 'patients.view' with values ['patient_id']. Did you mean 'patients.index' instead?

[2025-11-13T04:36:19.071189+00:00Z] appointments.simple_view
Traceback (most recent call last):
  File "c:\Users\ivxti\OneDrive\Desktop\GitHub\Clinic-App-Local\clinic_app\blueprints\appointments\routes.py", line 220, in appointments_simple_view
    return render_page(
        "appointments/simple_view.html",
    ...<10 lines>...
        end_day=None,  # Simple view shows single day
    )
  File "c:\Users\ivxti\OneDrive\Desktop\GitHub\Clinic-App-Local\clinic_app\services\ui.py", line 61, in render_page
    return render_template(
        template_name,
    ...<6 lines>...
        **ctx,
    )
  File "C:\Users\ivxti\AppData\Roaming\Python\Python313\site-packages\flask\templating.py", line 152, in render_template
    return _render(app, template, context)
  File "C:\Users\ivxti\AppData\Roaming\Python\Python313\site-packages\flask\templating.py", line 133, in _render
    rv = template.render(context)
  File "C:\Users\ivxti\AppData\Roaming\Python\Python313\site-packages\jinja2\environment.py", line 1295, in render
    self.environment.handle_exception()
    ~~~~~~~~~~~~~~~~~~~~~~~~~~~~~~~~~^^
  File "C:\Users\ivxti\AppData\Roaming\Python\Python313\site-packages\jinja2\environment.py", line 942, in handle_exception
    raise rewrite_traceback_stack(source=source)
  File "C:\Users\ivxti\OneDrive\Desktop\GitHub\Clinic-App-Local\templates\appointments\simple_view.html", line 1, in top-level template code
    {% extends '_base.html' %}
    ^^^^^^^^^^^^^^^^^^^^^^^^^
  File "C:\Users\ivxti\OneDrive\Desktop\GitHub\Clinic-App-Local\templates\_base.html", line 18, in top-level template code
    {% block content %}{% endblock %}
    ^^^^^^^^^^^^^^^^^^^^^
  File "C:\Users\ivxti\OneDrive\Desktop\GitHub\Clinic-App-Local\templates\appointments\simple_view.html", line 866, in block 'content'
    <a href="{{ url_for('patients.view', patient_id=appt.patient_id) }}" class="patient-badge">
    ^^^^^^^^^
  File "C:\Users\ivxti\AppData\Roaming\Python\Python313\site-packages\flask\app.py", line 1071, in url_for
    return self.handle_url_build_error(error, endpoint, values)
           ~~~~~~~~~~~~~~~~~~~~~~~~~~~^^^^^^^^^^^^^^^^^^^^^^^^^
  File "C:\Users\ivxti\AppData\Roaming\Python\Python313\site-packages\flask\app.py", line 1060, in url_for
    rv = url_adapter.build(  # type: ignore[union-attr]
        endpoint,
    ...<3 lines>...
        force_external=_external,
    )
  File "C:\Users\ivxti\AppData\Roaming\Python\Python313\site-packages\werkzeug\routing\map.py", line 924, in build
    raise BuildError(endpoint, values, method, self)
werkzeug.routing.exceptions.BuildError: Could not build url for endpoint 'patients.view' with values ['patient_id']. Did you mean 'patients.index' instead?

[2025-11-13T04:49:50.882518+00:00Z] appointments.simple_view
Traceback (most recent call last):
  File "c:\Users\ivxti\OneDrive\Desktop\GitHub\Clinic-App-Local\clinic_app\blueprints\appointments\routes.py", line 220, in appointments_simple_view
    return render_page(
        "appointments/simple_view.html",
    ...<10 lines>...
        end_day=None,  # Simple view shows single day
    )
  File "c:\Users\ivxti\OneDrive\Desktop\GitHub\Clinic-App-Local\clinic_app\services\ui.py", line 61, in render_page
    return render_template(
        template_name,
    ...<6 lines>...
        **ctx,
    )
  File "C:\Users\ivxti\AppData\Roaming\Python\Python313\site-packages\flask\templating.py", line 152, in render_template
    return _render(app, template, context)
  File "C:\Users\ivxti\AppData\Roaming\Python\Python313\site-packages\flask\templating.py", line 133, in _render
    rv = template.render(context)
  File "C:\Users\ivxti\AppData\Roaming\Python\Python313\site-packages\jinja2\environment.py", line 1295, in render
    self.environment.handle_exception()
    ~~~~~~~~~~~~~~~~~~~~~~~~~~~~~~~~~^^
  File "C:\Users\ivxti\AppData\Roaming\Python\Python313\site-packages\jinja2\environment.py", line 942, in handle_exception
    raise rewrite_traceback_stack(source=source)
  File "C:\Users\ivxti\OneDrive\Desktop\GitHub\Clinic-App-Local\templates\appointments\simple_view.html", line 1, in top-level template code
    {% extends '_base.html' %}
    ^^^^^^^^^^^^^^^^^^^^^^^^^
  File "C:\Users\ivxti\OneDrive\Desktop\GitHub\Clinic-App-Local\templates\_base.html", line 18, in top-level template code
    {% block content %}{% endblock %}
    ^^^^^^^^^^^^^^^^^^^^^
  File "C:\Users\ivxti\OneDrive\Desktop\GitHub\Clinic-App-Local\templates\appointments\simple_view.html", line 866, in block 'content'
    <a href="{{ url_for('patients.view', patient_id=appt.patient_id) }}" class="patient-badge">
    ^^^^^^^^^
  File "C:\Users\ivxti\AppData\Roaming\Python\Python313\site-packages\flask\app.py", line 1071, in url_for
    return self.handle_url_build_error(error, endpoint, values)
           ~~~~~~~~~~~~~~~~~~~~~~~~~~~^^^^^^^^^^^^^^^^^^^^^^^^^
  File "C:\Users\ivxti\AppData\Roaming\Python\Python313\site-packages\flask\app.py", line 1060, in url_for
    rv = url_adapter.build(  # type: ignore[union-attr]
        endpoint,
    ...<3 lines>...
        force_external=_external,
    )
  File "C:\Users\ivxti\AppData\Roaming\Python\Python313\site-packages\werkzeug\routing\map.py", line 924, in build
    raise BuildError(endpoint, values, method, self)
werkzeug.routing.exceptions.BuildError: Could not build url for endpoint 'patients.view' with values ['patient_id']. Did you mean 'patients.index' instead?

[2025-11-13T04:49:53.722225+00:00Z] appointments.simple_view
Traceback (most recent call last):
  File "c:\Users\ivxti\OneDrive\Desktop\GitHub\Clinic-App-Local\clinic_app\blueprints\appointments\routes.py", line 220, in appointments_simple_view
    return render_page(
        "appointments/simple_view.html",
    ...<10 lines>...
        end_day=None,  # Simple view shows single day
    )
  File "c:\Users\ivxti\OneDrive\Desktop\GitHub\Clinic-App-Local\clinic_app\services\ui.py", line 61, in render_page
    return render_template(
        template_name,
    ...<6 lines>...
        **ctx,
    )
  File "C:\Users\ivxti\AppData\Roaming\Python\Python313\site-packages\flask\templating.py", line 152, in render_template
    return _render(app, template, context)
  File "C:\Users\ivxti\AppData\Roaming\Python\Python313\site-packages\flask\templating.py", line 133, in _render
    rv = template.render(context)
  File "C:\Users\ivxti\AppData\Roaming\Python\Python313\site-packages\jinja2\environment.py", line 1295, in render
    self.environment.handle_exception()
    ~~~~~~~~~~~~~~~~~~~~~~~~~~~~~~~~~^^
  File "C:\Users\ivxti\AppData\Roaming\Python\Python313\site-packages\jinja2\environment.py", line 942, in handle_exception
    raise rewrite_traceback_stack(source=source)
  File "C:\Users\ivxti\OneDrive\Desktop\GitHub\Clinic-App-Local\templates\appointments\simple_view.html", line 1, in top-level template code
    {% extends '_base.html' %}
    ^^^^^^^^^^^^^^^^^^^^^^^^^
  File "C:\Users\ivxti\OneDrive\Desktop\GitHub\Clinic-App-Local\templates\_base.html", line 18, in top-level template code
    {% block content %}{% endblock %}
    ^^^^^^^^^^^^^^^^^^^^^
  File "C:\Users\ivxti\OneDrive\Desktop\GitHub\Clinic-App-Local\templates\appointments\simple_view.html", line 866, in block 'content'
    <a href="{{ url_for('patients.view', patient_id=appt.patient_id) }}" class="patient-badge">
    ^^^^^^^^^
  File "C:\Users\ivxti\AppData\Roaming\Python\Python313\site-packages\flask\app.py", line 1071, in url_for
    return self.handle_url_build_error(error, endpoint, values)
           ~~~~~~~~~~~~~~~~~~~~~~~~~~~^^^^^^^^^^^^^^^^^^^^^^^^^
  File "C:\Users\ivxti\AppData\Roaming\Python\Python313\site-packages\flask\app.py", line 1060, in url_for
    rv = url_adapter.build(  # type: ignore[union-attr]
        endpoint,
    ...<3 lines>...
        force_external=_external,
    )
  File "C:\Users\ivxti\AppData\Roaming\Python\Python313\site-packages\werkzeug\routing\map.py", line 924, in build
    raise BuildError(endpoint, values, method, self)
werkzeug.routing.exceptions.BuildError: Could not build url for endpoint 'patients.view' with values ['patient_id']. Did you mean 'patients.index' instead?

[2025-11-13T18:02:55.710709+00:00Z] appointments.simple_view
Traceback (most recent call last):
  File "C:\Users\ivxti\OneDrive\Desktop\GitHub\Clinic-App-Local\clinic_app\blueprints\appointments\routes.py", line 223, in appointments_simple_view
    return render_page(
        "appointments/simple_view.html",
    ...<10 lines>...
        end_day=None,  # Simple view shows single day
    )
  File "C:\Users\ivxti\OneDrive\Desktop\GitHub\Clinic-App-Local\clinic_app\services\ui.py", line 61, in render_page
    return render_template(
        template_name,
    ...<6 lines>...
        **ctx,
    )
  File "C:\Users\ivxti\OneDrive\Desktop\GitHub\Clinic-App-Local\.venv\Lib\site-packages\flask\templating.py", line 152, in render_template
    return _render(app, template, context)
  File "C:\Users\ivxti\OneDrive\Desktop\GitHub\Clinic-App-Local\.venv\Lib\site-packages\flask\templating.py", line 133, in _render
    rv = template.render(context)
  File "C:\Users\ivxti\OneDrive\Desktop\GitHub\Clinic-App-Local\.venv\Lib\site-packages\jinja2\environment.py", line 1295, in render
    self.environment.handle_exception()
    ~~~~~~~~~~~~~~~~~~~~~~~~~~~~~~~~~^^
  File "C:\Users\ivxti\OneDrive\Desktop\GitHub\Clinic-App-Local\.venv\Lib\site-packages\jinja2\environment.py", line 942, in handle_exception
    raise rewrite_traceback_stack(source=source)
  File "C:\Users\ivxti\OneDrive\Desktop\GitHub\Clinic-App-Local\templates\appointments\simple_view.html", line 1, in top-level template code
    {% extends '_base.html' %}
    ^^^^^^^^^^^^^^^^^^^^^^^^^
  File "C:\Users\ivxti\OneDrive\Desktop\GitHub\Clinic-App-Local\templates\_base.html", line 18, in top-level template code
    {% block content %}{% endblock %}
    ^^^^^^^^^^^^^^^^^^^^^
  File "C:\Users\ivxti\OneDrive\Desktop\GitHub\Clinic-App-Local\templates\appointments\simple_view.html", line 865, in block 'content'
    <a href="{{ url_for('patients.view', patient_id=appt.patient_id) }}" class="patient-badge">
    ^^^^^^^^^
  File "C:\Users\ivxti\OneDrive\Desktop\GitHub\Clinic-App-Local\.venv\Lib\site-packages\flask\app.py", line 1071, in url_for
    return self.handle_url_build_error(error, endpoint, values)
           ~~~~~~~~~~~~~~~~~~~~~~~~~~~^^^^^^^^^^^^^^^^^^^^^^^^^
  File "C:\Users\ivxti\OneDrive\Desktop\GitHub\Clinic-App-Local\.venv\Lib\site-packages\flask\app.py", line 1060, in url_for
    rv = url_adapter.build(  # type: ignore[union-attr]
        endpoint,
    ...<3 lines>...
        force_external=_external,
    )
  File "C:\Users\ivxti\OneDrive\Desktop\GitHub\Clinic-App-Local\.venv\Lib\site-packages\werkzeug\routing\map.py", line 919, in build
    raise BuildError(endpoint, values, method, self)
werkzeug.routing.exceptions.BuildError: Could not build url for endpoint 'patients.view' with values ['patient_id']. Did you mean 'patients.index' instead?

[2025-11-13T18:03:04.880428+00:00Z] appointments.simple_view
Traceback (most recent call last):
  File "C:\Users\ivxti\OneDrive\Desktop\GitHub\Clinic-App-Local\clinic_app\blueprints\appointments\routes.py", line 223, in appointments_simple_view
    return render_page(
        "appointments/simple_view.html",
    ...<10 lines>...
        end_day=None,  # Simple view shows single day
    )
  File "C:\Users\ivxti\OneDrive\Desktop\GitHub\Clinic-App-Local\clinic_app\services\ui.py", line 61, in render_page
    return render_template(
        template_name,
    ...<6 lines>...
        **ctx,
    )
  File "C:\Users\ivxti\OneDrive\Desktop\GitHub\Clinic-App-Local\.venv\Lib\site-packages\flask\templating.py", line 152, in render_template
    return _render(app, template, context)
  File "C:\Users\ivxti\OneDrive\Desktop\GitHub\Clinic-App-Local\.venv\Lib\site-packages\flask\templating.py", line 133, in _render
    rv = template.render(context)
  File "C:\Users\ivxti\OneDrive\Desktop\GitHub\Clinic-App-Local\.venv\Lib\site-packages\jinja2\environment.py", line 1295, in render
    self.environment.handle_exception()
    ~~~~~~~~~~~~~~~~~~~~~~~~~~~~~~~~~^^
  File "C:\Users\ivxti\OneDrive\Desktop\GitHub\Clinic-App-Local\.venv\Lib\site-packages\jinja2\environment.py", line 942, in handle_exception
    raise rewrite_traceback_stack(source=source)
  File "C:\Users\ivxti\OneDrive\Desktop\GitHub\Clinic-App-Local\templates\appointments\simple_view.html", line 1, in top-level template code
    {% extends '_base.html' %}
    ^^^^^^^^^^^^^^^^^^^^^^^^^
  File "C:\Users\ivxti\OneDrive\Desktop\GitHub\Clinic-App-Local\templates\_base.html", line 18, in top-level template code
    {% block content %}{% endblock %}
    ^^^^^^^^^^^^^^^^^^^^^
  File "C:\Users\ivxti\OneDrive\Desktop\GitHub\Clinic-App-Local\templates\appointments\simple_view.html", line 865, in block 'content'
    <a href="{{ url_for('patients.view', patient_id=appt.patient_id) }}" class="patient-badge">
    ^^^^^^^^^
  File "C:\Users\ivxti\OneDrive\Desktop\GitHub\Clinic-App-Local\.venv\Lib\site-packages\flask\app.py", line 1071, in url_for
    return self.handle_url_build_error(error, endpoint, values)
           ~~~~~~~~~~~~~~~~~~~~~~~~~~~^^^^^^^^^^^^^^^^^^^^^^^^^
  File "C:\Users\ivxti\OneDrive\Desktop\GitHub\Clinic-App-Local\.venv\Lib\site-packages\flask\app.py", line 1060, in url_for
    rv = url_adapter.build(  # type: ignore[union-attr]
        endpoint,
    ...<3 lines>...
        force_external=_external,
    )
  File "C:\Users\ivxti\OneDrive\Desktop\GitHub\Clinic-App-Local\.venv\Lib\site-packages\werkzeug\routing\map.py", line 919, in build
    raise BuildError(endpoint, values, method, self)
werkzeug.routing.exceptions.BuildError: Could not build url for endpoint 'patients.view' with values ['patient_id']. Did you mean 'patients.index' instead?

[2025-11-13T18:03:06.799773+00:00Z] appointments.simple_view
Traceback (most recent call last):
  File "C:\Users\ivxti\OneDrive\Desktop\GitHub\Clinic-App-Local\clinic_app\blueprints\appointments\routes.py", line 223, in appointments_simple_view
    return render_page(
        "appointments/simple_view.html",
    ...<10 lines>...
        end_day=None,  # Simple view shows single day
    )
  File "C:\Users\ivxti\OneDrive\Desktop\GitHub\Clinic-App-Local\clinic_app\services\ui.py", line 61, in render_page
    return render_template(
        template_name,
    ...<6 lines>...
        **ctx,
    )
  File "C:\Users\ivxti\OneDrive\Desktop\GitHub\Clinic-App-Local\.venv\Lib\site-packages\flask\templating.py", line 152, in render_template
    return _render(app, template, context)
  File "C:\Users\ivxti\OneDrive\Desktop\GitHub\Clinic-App-Local\.venv\Lib\site-packages\flask\templating.py", line 133, in _render
    rv = template.render(context)
  File "C:\Users\ivxti\OneDrive\Desktop\GitHub\Clinic-App-Local\.venv\Lib\site-packages\jinja2\environment.py", line 1295, in render
    self.environment.handle_exception()
    ~~~~~~~~~~~~~~~~~~~~~~~~~~~~~~~~~^^
  File "C:\Users\ivxti\OneDrive\Desktop\GitHub\Clinic-App-Local\.venv\Lib\site-packages\jinja2\environment.py", line 942, in handle_exception
    raise rewrite_traceback_stack(source=source)
  File "C:\Users\ivxti\OneDrive\Desktop\GitHub\Clinic-App-Local\templates\appointments\simple_view.html", line 1, in top-level template code
    {% extends '_base.html' %}
    ^^^^^^^^^^^^^^^^^^^^^^^^^
  File "C:\Users\ivxti\OneDrive\Desktop\GitHub\Clinic-App-Local\templates\_base.html", line 18, in top-level template code
    {% block content %}{% endblock %}
    ^^^^^^^^^^^^^^^^^^^^^
  File "C:\Users\ivxti\OneDrive\Desktop\GitHub\Clinic-App-Local\templates\appointments\simple_view.html", line 865, in block 'content'
    <a href="{{ url_for('patients.view', patient_id=appt.patient_id) }}" class="patient-badge">
    ^^^^^^^^^
  File "C:\Users\ivxti\OneDrive\Desktop\GitHub\Clinic-App-Local\.venv\Lib\site-packages\flask\app.py", line 1071, in url_for
    return self.handle_url_build_error(error, endpoint, values)
           ~~~~~~~~~~~~~~~~~~~~~~~~~~~^^^^^^^^^^^^^^^^^^^^^^^^^
  File "C:\Users\ivxti\OneDrive\Desktop\GitHub\Clinic-App-Local\.venv\Lib\site-packages\flask\app.py", line 1060, in url_for
    rv = url_adapter.build(  # type: ignore[union-attr]
        endpoint,
    ...<3 lines>...
        force_external=_external,
    )
  File "C:\Users\ivxti\OneDrive\Desktop\GitHub\Clinic-App-Local\.venv\Lib\site-packages\werkzeug\routing\map.py", line 919, in build
    raise BuildError(endpoint, values, method, self)
werkzeug.routing.exceptions.BuildError: Could not build url for endpoint 'patients.view' with values ['patient_id']. Did you mean 'patients.index' instead?

[2025-11-13T18:03:23.368444+00:00Z] appointments.simple_view
Traceback (most recent call last):
  File "C:\Users\ivxti\OneDrive\Desktop\GitHub\Clinic-App-Local\clinic_app\blueprints\appointments\routes.py", line 223, in appointments_simple_view
    return render_page(
        "appointments/simple_view.html",
    ...<10 lines>...
        end_day=None,  # Simple view shows single day
    )
  File "C:\Users\ivxti\OneDrive\Desktop\GitHub\Clinic-App-Local\clinic_app\services\ui.py", line 61, in render_page
    return render_template(
        template_name,
    ...<6 lines>...
        **ctx,
    )
  File "C:\Users\ivxti\OneDrive\Desktop\GitHub\Clinic-App-Local\.venv\Lib\site-packages\flask\templating.py", line 152, in render_template
    return _render(app, template, context)
  File "C:\Users\ivxti\OneDrive\Desktop\GitHub\Clinic-App-Local\.venv\Lib\site-packages\flask\templating.py", line 133, in _render
    rv = template.render(context)
  File "C:\Users\ivxti\OneDrive\Desktop\GitHub\Clinic-App-Local\.venv\Lib\site-packages\jinja2\environment.py", line 1295, in render
    self.environment.handle_exception()
    ~~~~~~~~~~~~~~~~~~~~~~~~~~~~~~~~~^^
  File "C:\Users\ivxti\OneDrive\Desktop\GitHub\Clinic-App-Local\.venv\Lib\site-packages\jinja2\environment.py", line 942, in handle_exception
    raise rewrite_traceback_stack(source=source)
  File "C:\Users\ivxti\OneDrive\Desktop\GitHub\Clinic-App-Local\templates\appointments\simple_view.html", line 1, in top-level template code
    {% extends '_base.html' %}
    ^^^^^^^^^^^^^^^^^^^^^^^^^
  File "C:\Users\ivxti\OneDrive\Desktop\GitHub\Clinic-App-Local\templates\_base.html", line 18, in top-level template code
    {% block content %}{% endblock %}
    ^^^^^^^^^^^^^^^^^^^^^
  File "C:\Users\ivxti\OneDrive\Desktop\GitHub\Clinic-App-Local\templates\appointments\simple_view.html", line 865, in block 'content'
    <a href="{{ url_for('patients.view', patient_id=appt.patient_id) }}" class="patient-badge">
    ^^^^^^^^^
  File "C:\Users\ivxti\OneDrive\Desktop\GitHub\Clinic-App-Local\.venv\Lib\site-packages\flask\app.py", line 1071, in url_for
    return self.handle_url_build_error(error, endpoint, values)
           ~~~~~~~~~~~~~~~~~~~~~~~~~~~^^^^^^^^^^^^^^^^^^^^^^^^^
  File "C:\Users\ivxti\OneDrive\Desktop\GitHub\Clinic-App-Local\.venv\Lib\site-packages\flask\app.py", line 1060, in url_for
    rv = url_adapter.build(  # type: ignore[union-attr]
        endpoint,
    ...<3 lines>...
        force_external=_external,
    )
  File "C:\Users\ivxti\OneDrive\Desktop\GitHub\Clinic-App-Local\.venv\Lib\site-packages\werkzeug\routing\map.py", line 919, in build
    raise BuildError(endpoint, values, method, self)
werkzeug.routing.exceptions.BuildError: Could not build url for endpoint 'patients.view' with values ['patient_id']. Did you mean 'patients.index' instead?

[2025-11-13T18:03:24.812439+00:00Z] appointments.simple_view
Traceback (most recent call last):
  File "C:\Users\ivxti\OneDrive\Desktop\GitHub\Clinic-App-Local\clinic_app\blueprints\appointments\routes.py", line 223, in appointments_simple_view
    return render_page(
        "appointments/simple_view.html",
    ...<10 lines>...
        end_day=None,  # Simple view shows single day
    )
  File "C:\Users\ivxti\OneDrive\Desktop\GitHub\Clinic-App-Local\clinic_app\services\ui.py", line 61, in render_page
    return render_template(
        template_name,
    ...<6 lines>...
        **ctx,
    )
  File "C:\Users\ivxti\OneDrive\Desktop\GitHub\Clinic-App-Local\.venv\Lib\site-packages\flask\templating.py", line 152, in render_template
    return _render(app, template, context)
  File "C:\Users\ivxti\OneDrive\Desktop\GitHub\Clinic-App-Local\.venv\Lib\site-packages\flask\templating.py", line 133, in _render
    rv = template.render(context)
  File "C:\Users\ivxti\OneDrive\Desktop\GitHub\Clinic-App-Local\.venv\Lib\site-packages\jinja2\environment.py", line 1295, in render
    self.environment.handle_exception()
    ~~~~~~~~~~~~~~~~~~~~~~~~~~~~~~~~~^^
  File "C:\Users\ivxti\OneDrive\Desktop\GitHub\Clinic-App-Local\.venv\Lib\site-packages\jinja2\environment.py", line 942, in handle_exception
    raise rewrite_traceback_stack(source=source)
  File "C:\Users\ivxti\OneDrive\Desktop\GitHub\Clinic-App-Local\templates\appointments\simple_view.html", line 1, in top-level template code
    {% extends '_base.html' %}
    ^^^^^^^^^^^^^^^^^^^^^^^^^
  File "C:\Users\ivxti\OneDrive\Desktop\GitHub\Clinic-App-Local\templates\_base.html", line 18, in top-level template code
    {% block content %}{% endblock %}
    ^^^^^^^^^^^^^^^^^^^^^
  File "C:\Users\ivxti\OneDrive\Desktop\GitHub\Clinic-App-Local\templates\appointments\simple_view.html", line 865, in block 'content'
    <a href="{{ url_for('patients.view', patient_id=appt.patient_id) }}" class="patient-badge">
    ^^^^^^^^^
  File "C:\Users\ivxti\OneDrive\Desktop\GitHub\Clinic-App-Local\.venv\Lib\site-packages\flask\app.py", line 1071, in url_for
    return self.handle_url_build_error(error, endpoint, values)
           ~~~~~~~~~~~~~~~~~~~~~~~~~~~^^^^^^^^^^^^^^^^^^^^^^^^^
  File "C:\Users\ivxti\OneDrive\Desktop\GitHub\Clinic-App-Local\.venv\Lib\site-packages\flask\app.py", line 1060, in url_for
    rv = url_adapter.build(  # type: ignore[union-attr]
        endpoint,
    ...<3 lines>...
        force_external=_external,
    )
  File "C:\Users\ivxti\OneDrive\Desktop\GitHub\Clinic-App-Local\.venv\Lib\site-packages\werkzeug\routing\map.py", line 919, in build
    raise BuildError(endpoint, values, method, self)
werkzeug.routing.exceptions.BuildError: Could not build url for endpoint 'patients.view' with values ['patient_id']. Did you mean 'patients.index' instead?

[2025-11-13T18:03:25.372458+00:00Z] appointments.simple_view
Traceback (most recent call last):
  File "C:\Users\ivxti\OneDrive\Desktop\GitHub\Clinic-App-Local\clinic_app\blueprints\appointments\routes.py", line 223, in appointments_simple_view
    return render_page(
        "appointments/simple_view.html",
    ...<10 lines>...
        end_day=None,  # Simple view shows single day
    )
  File "C:\Users\ivxti\OneDrive\Desktop\GitHub\Clinic-App-Local\clinic_app\services\ui.py", line 61, in render_page
    return render_template(
        template_name,
    ...<6 lines>...
        **ctx,
    )
  File "C:\Users\ivxti\OneDrive\Desktop\GitHub\Clinic-App-Local\.venv\Lib\site-packages\flask\templating.py", line 152, in render_template
    return _render(app, template, context)
  File "C:\Users\ivxti\OneDrive\Desktop\GitHub\Clinic-App-Local\.venv\Lib\site-packages\flask\templating.py", line 133, in _render
    rv = template.render(context)
  File "C:\Users\ivxti\OneDrive\Desktop\GitHub\Clinic-App-Local\.venv\Lib\site-packages\jinja2\environment.py", line 1295, in render
    self.environment.handle_exception()
    ~~~~~~~~~~~~~~~~~~~~~~~~~~~~~~~~~^^
  File "C:\Users\ivxti\OneDrive\Desktop\GitHub\Clinic-App-Local\.venv\Lib\site-packages\jinja2\environment.py", line 942, in handle_exception
    raise rewrite_traceback_stack(source=source)
  File "C:\Users\ivxti\OneDrive\Desktop\GitHub\Clinic-App-Local\templates\appointments\simple_view.html", line 1, in top-level template code
    {% extends '_base.html' %}
    ^^^^^^^^^^^^^^^^^^^^^^^^^
  File "C:\Users\ivxti\OneDrive\Desktop\GitHub\Clinic-App-Local\templates\_base.html", line 18, in top-level template code
    {% block content %}{% endblock %}
    ^^^^^^^^^^^^^^^^^^^^^
  File "C:\Users\ivxti\OneDrive\Desktop\GitHub\Clinic-App-Local\templates\appointments\simple_view.html", line 865, in block 'content'
    <a href="{{ url_for('patients.view', patient_id=appt.patient_id) }}" class="patient-badge">
    ^^^^^^^^^
  File "C:\Users\ivxti\OneDrive\Desktop\GitHub\Clinic-App-Local\.venv\Lib\site-packages\flask\app.py", line 1071, in url_for
    return self.handle_url_build_error(error, endpoint, values)
           ~~~~~~~~~~~~~~~~~~~~~~~~~~~^^^^^^^^^^^^^^^^^^^^^^^^^
  File "C:\Users\ivxti\OneDrive\Desktop\GitHub\Clinic-App-Local\.venv\Lib\site-packages\flask\app.py", line 1060, in url_for
    rv = url_adapter.build(  # type: ignore[union-attr]
        endpoint,
    ...<3 lines>...
        force_external=_external,
    )
  File "C:\Users\ivxti\OneDrive\Desktop\GitHub\Clinic-App-Local\.venv\Lib\site-packages\werkzeug\routing\map.py", line 919, in build
    raise BuildError(endpoint, values, method, self)
werkzeug.routing.exceptions.BuildError: Could not build url for endpoint 'patients.view' with values ['patient_id']. Did you mean 'patients.index' instead?

[2025-11-13T18:03:25.776128+00:00Z] appointments.simple_view
Traceback (most recent call last):
  File "C:\Users\ivxti\OneDrive\Desktop\GitHub\Clinic-App-Local\clinic_app\blueprints\appointments\routes.py", line 223, in appointments_simple_view
    return render_page(
        "appointments/simple_view.html",
    ...<10 lines>...
        end_day=None,  # Simple view shows single day
    )
  File "C:\Users\ivxti\OneDrive\Desktop\GitHub\Clinic-App-Local\clinic_app\services\ui.py", line 61, in render_page
    return render_template(
        template_name,
    ...<6 lines>...
        **ctx,
    )
  File "C:\Users\ivxti\OneDrive\Desktop\GitHub\Clinic-App-Local\.venv\Lib\site-packages\flask\templating.py", line 152, in render_template
    return _render(app, template, context)
  File "C:\Users\ivxti\OneDrive\Desktop\GitHub\Clinic-App-Local\.venv\Lib\site-packages\flask\templating.py", line 133, in _render
    rv = template.render(context)
  File "C:\Users\ivxti\OneDrive\Desktop\GitHub\Clinic-App-Local\.venv\Lib\site-packages\jinja2\environment.py", line 1295, in render
    self.environment.handle_exception()
    ~~~~~~~~~~~~~~~~~~~~~~~~~~~~~~~~~^^
  File "C:\Users\ivxti\OneDrive\Desktop\GitHub\Clinic-App-Local\.venv\Lib\site-packages\jinja2\environment.py", line 942, in handle_exception
    raise rewrite_traceback_stack(source=source)
  File "C:\Users\ivxti\OneDrive\Desktop\GitHub\Clinic-App-Local\templates\appointments\simple_view.html", line 1, in top-level template code
    {% extends '_base.html' %}
    ^^^^^^^^^^^^^^^^^^^^^^^^^
  File "C:\Users\ivxti\OneDrive\Desktop\GitHub\Clinic-App-Local\templates\_base.html", line 18, in top-level template code
    {% block content %}{% endblock %}
    ^^^^^^^^^^^^^^^^^^^^^
  File "C:\Users\ivxti\OneDrive\Desktop\GitHub\Clinic-App-Local\templates\appointments\simple_view.html", line 865, in block 'content'
    <a href="{{ url_for('patients.view', patient_id=appt.patient_id) }}" class="patient-badge">
    ^^^^^^^^^
  File "C:\Users\ivxti\OneDrive\Desktop\GitHub\Clinic-App-Local\.venv\Lib\site-packages\flask\app.py", line 1071, in url_for
    return self.handle_url_build_error(error, endpoint, values)
           ~~~~~~~~~~~~~~~~~~~~~~~~~~~^^^^^^^^^^^^^^^^^^^^^^^^^
  File "C:\Users\ivxti\OneDrive\Desktop\GitHub\Clinic-App-Local\.venv\Lib\site-packages\flask\app.py", line 1060, in url_for
    rv = url_adapter.build(  # type: ignore[union-attr]
        endpoint,
    ...<3 lines>...
        force_external=_external,
    )
  File "C:\Users\ivxti\OneDrive\Desktop\GitHub\Clinic-App-Local\.venv\Lib\site-packages\werkzeug\routing\map.py", line 919, in build
    raise BuildError(endpoint, values, method, self)
werkzeug.routing.exceptions.BuildError: Could not build url for endpoint 'patients.view' with values ['patient_id']. Did you mean 'patients.index' instead?

[2025-11-13T18:03:26.151916+00:00Z] appointments.simple_view
Traceback (most recent call last):
  File "C:\Users\ivxti\OneDrive\Desktop\GitHub\Clinic-App-Local\clinic_app\blueprints\appointments\routes.py", line 223, in appointments_simple_view
    return render_page(
        "appointments/simple_view.html",
    ...<10 lines>...
        end_day=None,  # Simple view shows single day
    )
  File "C:\Users\ivxti\OneDrive\Desktop\GitHub\Clinic-App-Local\clinic_app\services\ui.py", line 61, in render_page
    return render_template(
        template_name,
    ...<6 lines>...
        **ctx,
    )
  File "C:\Users\ivxti\OneDrive\Desktop\GitHub\Clinic-App-Local\.venv\Lib\site-packages\flask\templating.py", line 152, in render_template
    return _render(app, template, context)
  File "C:\Users\ivxti\OneDrive\Desktop\GitHub\Clinic-App-Local\.venv\Lib\site-packages\flask\templating.py", line 133, in _render
    rv = template.render(context)
  File "C:\Users\ivxti\OneDrive\Desktop\GitHub\Clinic-App-Local\.venv\Lib\site-packages\jinja2\environment.py", line 1295, in render
    self.environment.handle_exception()
    ~~~~~~~~~~~~~~~~~~~~~~~~~~~~~~~~~^^
  File "C:\Users\ivxti\OneDrive\Desktop\GitHub\Clinic-App-Local\.venv\Lib\site-packages\jinja2\environment.py", line 942, in handle_exception
    raise rewrite_traceback_stack(source=source)
  File "C:\Users\ivxti\OneDrive\Desktop\GitHub\Clinic-App-Local\templates\appointments\simple_view.html", line 1, in top-level template code
    {% extends '_base.html' %}
    ^^^^^^^^^^^^^^^^^^^^^^^^^
  File "C:\Users\ivxti\OneDrive\Desktop\GitHub\Clinic-App-Local\templates\_base.html", line 18, in top-level template code
    {% block content %}{% endblock %}
    ^^^^^^^^^^^^^^^^^^^^^
  File "C:\Users\ivxti\OneDrive\Desktop\GitHub\Clinic-App-Local\templates\appointments\simple_view.html", line 865, in block 'content'
    <a href="{{ url_for('patients.view', patient_id=appt.patient_id) }}" class="patient-badge">
    ^^^^^^^^^
  File "C:\Users\ivxti\OneDrive\Desktop\GitHub\Clinic-App-Local\.venv\Lib\site-packages\flask\app.py", line 1071, in url_for
    return self.handle_url_build_error(error, endpoint, values)
           ~~~~~~~~~~~~~~~~~~~~~~~~~~~^^^^^^^^^^^^^^^^^^^^^^^^^
  File "C:\Users\ivxti\OneDrive\Desktop\GitHub\Clinic-App-Local\.venv\Lib\site-packages\flask\app.py", line 1060, in url_for
    rv = url_adapter.build(  # type: ignore[union-attr]
        endpoint,
    ...<3 lines>...
        force_external=_external,
    )
  File "C:\Users\ivxti\OneDrive\Desktop\GitHub\Clinic-App-Local\.venv\Lib\site-packages\werkzeug\routing\map.py", line 919, in build
    raise BuildError(endpoint, values, method, self)
werkzeug.routing.exceptions.BuildError: Could not build url for endpoint 'patients.view' with values ['patient_id']. Did you mean 'patients.index' instead?

[2025-11-13T18:03:26.305176+00:00Z] appointments.simple_view
Traceback (most recent call last):
  File "C:\Users\ivxti\OneDrive\Desktop\GitHub\Clinic-App-Local\clinic_app\blueprints\appointments\routes.py", line 223, in appointments_simple_view
    return render_page(
        "appointments/simple_view.html",
    ...<10 lines>...
        end_day=None,  # Simple view shows single day
    )
  File "C:\Users\ivxti\OneDrive\Desktop\GitHub\Clinic-App-Local\clinic_app\services\ui.py", line 61, in render_page
    return render_template(
        template_name,
    ...<6 lines>...
        **ctx,
    )
  File "C:\Users\ivxti\OneDrive\Desktop\GitHub\Clinic-App-Local\.venv\Lib\site-packages\flask\templating.py", line 152, in render_template
    return _render(app, template, context)
  File "C:\Users\ivxti\OneDrive\Desktop\GitHub\Clinic-App-Local\.venv\Lib\site-packages\flask\templating.py", line 133, in _render
    rv = template.render(context)
  File "C:\Users\ivxti\OneDrive\Desktop\GitHub\Clinic-App-Local\.venv\Lib\site-packages\jinja2\environment.py", line 1295, in render
    self.environment.handle_exception()
    ~~~~~~~~~~~~~~~~~~~~~~~~~~~~~~~~~^^
  File "C:\Users\ivxti\OneDrive\Desktop\GitHub\Clinic-App-Local\.venv\Lib\site-packages\jinja2\environment.py", line 942, in handle_exception
    raise rewrite_traceback_stack(source=source)
  File "C:\Users\ivxti\OneDrive\Desktop\GitHub\Clinic-App-Local\templates\appointments\simple_view.html", line 1, in top-level template code
    {% extends '_base.html' %}
    ^^^^^^^^^^^^^^^^^^^^^^^^^
  File "C:\Users\ivxti\OneDrive\Desktop\GitHub\Clinic-App-Local\templates\_base.html", line 18, in top-level template code
    {% block content %}{% endblock %}
    ^^^^^^^^^^^^^^^^^^^^^
  File "C:\Users\ivxti\OneDrive\Desktop\GitHub\Clinic-App-Local\templates\appointments\simple_view.html", line 865, in block 'content'
    <a href="{{ url_for('patients.view', patient_id=appt.patient_id) }}" class="patient-badge">
    ^^^^^^^^^
  File "C:\Users\ivxti\OneDrive\Desktop\GitHub\Clinic-App-Local\.venv\Lib\site-packages\flask\app.py", line 1071, in url_for
    return self.handle_url_build_error(error, endpoint, values)
           ~~~~~~~~~~~~~~~~~~~~~~~~~~~^^^^^^^^^^^^^^^^^^^^^^^^^
  File "C:\Users\ivxti\OneDrive\Desktop\GitHub\Clinic-App-Local\.venv\Lib\site-packages\flask\app.py", line 1060, in url_for
    rv = url_adapter.build(  # type: ignore[union-attr]
        endpoint,
    ...<3 lines>...
        force_external=_external,
    )
  File "C:\Users\ivxti\OneDrive\Desktop\GitHub\Clinic-App-Local\.venv\Lib\site-packages\werkzeug\routing\map.py", line 919, in build
    raise BuildError(endpoint, values, method, self)
werkzeug.routing.exceptions.BuildError: Could not build url for endpoint 'patients.view' with values ['patient_id']. Did you mean 'patients.index' instead?

[2025-11-13T18:03:26.461097+00:00Z] appointments.simple_view
Traceback (most recent call last):
  File "C:\Users\ivxti\OneDrive\Desktop\GitHub\Clinic-App-Local\clinic_app\blueprints\appointments\routes.py", line 223, in appointments_simple_view
    return render_page(
        "appointments/simple_view.html",
    ...<10 lines>...
        end_day=None,  # Simple view shows single day
    )
  File "C:\Users\ivxti\OneDrive\Desktop\GitHub\Clinic-App-Local\clinic_app\services\ui.py", line 61, in render_page
    return render_template(
        template_name,
    ...<6 lines>...
        **ctx,
    )
  File "C:\Users\ivxti\OneDrive\Desktop\GitHub\Clinic-App-Local\.venv\Lib\site-packages\flask\templating.py", line 152, in render_template
    return _render(app, template, context)
  File "C:\Users\ivxti\OneDrive\Desktop\GitHub\Clinic-App-Local\.venv\Lib\site-packages\flask\templating.py", line 133, in _render
    rv = template.render(context)
  File "C:\Users\ivxti\OneDrive\Desktop\GitHub\Clinic-App-Local\.venv\Lib\site-packages\jinja2\environment.py", line 1295, in render
    self.environment.handle_exception()
    ~~~~~~~~~~~~~~~~~~~~~~~~~~~~~~~~~^^
  File "C:\Users\ivxti\OneDrive\Desktop\GitHub\Clinic-App-Local\.venv\Lib\site-packages\jinja2\environment.py", line 942, in handle_exception
    raise rewrite_traceback_stack(source=source)
  File "C:\Users\ivxti\OneDrive\Desktop\GitHub\Clinic-App-Local\templates\appointments\simple_view.html", line 1, in top-level template code
    {% extends '_base.html' %}
    ^^^^^^^^^^^^^^^^^^^^^^^^^
  File "C:\Users\ivxti\OneDrive\Desktop\GitHub\Clinic-App-Local\templates\_base.html", line 18, in top-level template code
    {% block content %}{% endblock %}
    ^^^^^^^^^^^^^^^^^^^^^
  File "C:\Users\ivxti\OneDrive\Desktop\GitHub\Clinic-App-Local\templates\appointments\simple_view.html", line 865, in block 'content'
    <a href="{{ url_for('patients.view', patient_id=appt.patient_id) }}" class="patient-badge">
    ^^^^^^^^^
  File "C:\Users\ivxti\OneDrive\Desktop\GitHub\Clinic-App-Local\.venv\Lib\site-packages\flask\app.py", line 1071, in url_for
    return self.handle_url_build_error(error, endpoint, values)
           ~~~~~~~~~~~~~~~~~~~~~~~~~~~^^^^^^^^^^^^^^^^^^^^^^^^^
  File "C:\Users\ivxti\OneDrive\Desktop\GitHub\Clinic-App-Local\.venv\Lib\site-packages\flask\app.py", line 1060, in url_for
    rv = url_adapter.build(  # type: ignore[union-attr]
        endpoint,
    ...<3 lines>...
        force_external=_external,
    )
  File "C:\Users\ivxti\OneDrive\Desktop\GitHub\Clinic-App-Local\.venv\Lib\site-packages\werkzeug\routing\map.py", line 919, in build
    raise BuildError(endpoint, values, method, self)
werkzeug.routing.exceptions.BuildError: Could not build url for endpoint 'patients.view' with values ['patient_id']. Did you mean 'patients.index' instead?

[2025-11-13T18:03:26.625081+00:00Z] appointments.simple_view
Traceback (most recent call last):
  File "C:\Users\ivxti\OneDrive\Desktop\GitHub\Clinic-App-Local\clinic_app\blueprints\appointments\routes.py", line 223, in appointments_simple_view
    return render_page(
        "appointments/simple_view.html",
    ...<10 lines>...
        end_day=None,  # Simple view shows single day
    )
  File "C:\Users\ivxti\OneDrive\Desktop\GitHub\Clinic-App-Local\clinic_app\services\ui.py", line 61, in render_page
    return render_template(
        template_name,
    ...<6 lines>...
        **ctx,
    )
  File "C:\Users\ivxti\OneDrive\Desktop\GitHub\Clinic-App-Local\.venv\Lib\site-packages\flask\templating.py", line 152, in render_template
    return _render(app, template, context)
  File "C:\Users\ivxti\OneDrive\Desktop\GitHub\Clinic-App-Local\.venv\Lib\site-packages\flask\templating.py", line 133, in _render
    rv = template.render(context)
  File "C:\Users\ivxti\OneDrive\Desktop\GitHub\Clinic-App-Local\.venv\Lib\site-packages\jinja2\environment.py", line 1295, in render
    self.environment.handle_exception()
    ~~~~~~~~~~~~~~~~~~~~~~~~~~~~~~~~~^^
  File "C:\Users\ivxti\OneDrive\Desktop\GitHub\Clinic-App-Local\.venv\Lib\site-packages\jinja2\environment.py", line 942, in handle_exception
    raise rewrite_traceback_stack(source=source)
  File "C:\Users\ivxti\OneDrive\Desktop\GitHub\Clinic-App-Local\templates\appointments\simple_view.html", line 1, in top-level template code
    {% extends '_base.html' %}
    ^^^^^^^^^^^^^^^^^^^^^^^^^
  File "C:\Users\ivxti\OneDrive\Desktop\GitHub\Clinic-App-Local\templates\_base.html", line 18, in top-level template code
    {% block content %}{% endblock %}
    ^^^^^^^^^^^^^^^^^^^^^
  File "C:\Users\ivxti\OneDrive\Desktop\GitHub\Clinic-App-Local\templates\appointments\simple_view.html", line 865, in block 'content'
    <a href="{{ url_for('patients.view', patient_id=appt.patient_id) }}" class="patient-badge">
    ^^^^^^^^^
  File "C:\Users\ivxti\OneDrive\Desktop\GitHub\Clinic-App-Local\.venv\Lib\site-packages\flask\app.py", line 1071, in url_for
    return self.handle_url_build_error(error, endpoint, values)
           ~~~~~~~~~~~~~~~~~~~~~~~~~~~^^^^^^^^^^^^^^^^^^^^^^^^^
  File "C:\Users\ivxti\OneDrive\Desktop\GitHub\Clinic-App-Local\.venv\Lib\site-packages\flask\app.py", line 1060, in url_for
    rv = url_adapter.build(  # type: ignore[union-attr]
        endpoint,
    ...<3 lines>...
        force_external=_external,
    )
  File "C:\Users\ivxti\OneDrive\Desktop\GitHub\Clinic-App-Local\.venv\Lib\site-packages\werkzeug\routing\map.py", line 919, in build
    raise BuildError(endpoint, values, method, self)
werkzeug.routing.exceptions.BuildError: Could not build url for endpoint 'patients.view' with values ['patient_id']. Did you mean 'patients.index' instead?

[2025-11-13T18:03:26.781322+00:00Z] appointments.simple_view
Traceback (most recent call last):
  File "C:\Users\ivxti\OneDrive\Desktop\GitHub\Clinic-App-Local\clinic_app\blueprints\appointments\routes.py", line 223, in appointments_simple_view
    return render_page(
        "appointments/simple_view.html",
    ...<10 lines>...
        end_day=None,  # Simple view shows single day
    )
  File "C:\Users\ivxti\OneDrive\Desktop\GitHub\Clinic-App-Local\clinic_app\services\ui.py", line 61, in render_page
    return render_template(
        template_name,
    ...<6 lines>...
        **ctx,
    )
  File "C:\Users\ivxti\OneDrive\Desktop\GitHub\Clinic-App-Local\.venv\Lib\site-packages\flask\templating.py", line 152, in render_template
    return _render(app, template, context)
  File "C:\Users\ivxti\OneDrive\Desktop\GitHub\Clinic-App-Local\.venv\Lib\site-packages\flask\templating.py", line 133, in _render
    rv = template.render(context)
  File "C:\Users\ivxti\OneDrive\Desktop\GitHub\Clinic-App-Local\.venv\Lib\site-packages\jinja2\environment.py", line 1295, in render
    self.environment.handle_exception()
    ~~~~~~~~~~~~~~~~~~~~~~~~~~~~~~~~~^^
  File "C:\Users\ivxti\OneDrive\Desktop\GitHub\Clinic-App-Local\.venv\Lib\site-packages\jinja2\environment.py", line 942, in handle_exception
    raise rewrite_traceback_stack(source=source)
  File "C:\Users\ivxti\OneDrive\Desktop\GitHub\Clinic-App-Local\templates\appointments\simple_view.html", line 1, in top-level template code
    {% extends '_base.html' %}
    ^^^^^^^^^^^^^^^^^^^^^^^^^
  File "C:\Users\ivxti\OneDrive\Desktop\GitHub\Clinic-App-Local\templates\_base.html", line 18, in top-level template code
    {% block content %}{% endblock %}
    ^^^^^^^^^^^^^^^^^^^^^
  File "C:\Users\ivxti\OneDrive\Desktop\GitHub\Clinic-App-Local\templates\appointments\simple_view.html", line 865, in block 'content'
    <a href="{{ url_for('patients.view', patient_id=appt.patient_id) }}" class="patient-badge">
    ^^^^^^^^^
  File "C:\Users\ivxti\OneDrive\Desktop\GitHub\Clinic-App-Local\.venv\Lib\site-packages\flask\app.py", line 1071, in url_for
    return self.handle_url_build_error(error, endpoint, values)
           ~~~~~~~~~~~~~~~~~~~~~~~~~~~^^^^^^^^^^^^^^^^^^^^^^^^^
  File "C:\Users\ivxti\OneDrive\Desktop\GitHub\Clinic-App-Local\.venv\Lib\site-packages\flask\app.py", line 1060, in url_for
    rv = url_adapter.build(  # type: ignore[union-attr]
        endpoint,
    ...<3 lines>...
        force_external=_external,
    )
  File "C:\Users\ivxti\OneDrive\Desktop\GitHub\Clinic-App-Local\.venv\Lib\site-packages\werkzeug\routing\map.py", line 919, in build
    raise BuildError(endpoint, values, method, self)
werkzeug.routing.exceptions.BuildError: Could not build url for endpoint 'patients.view' with values ['patient_id']. Did you mean 'patients.index' instead?

[2025-11-13T18:03:26.936829+00:00Z] appointments.simple_view
Traceback (most recent call last):
  File "C:\Users\ivxti\OneDrive\Desktop\GitHub\Clinic-App-Local\clinic_app\blueprints\appointments\routes.py", line 223, in appointments_simple_view
    return render_page(
        "appointments/simple_view.html",
    ...<10 lines>...
        end_day=None,  # Simple view shows single day
    )
  File "C:\Users\ivxti\OneDrive\Desktop\GitHub\Clinic-App-Local\clinic_app\services\ui.py", line 61, in render_page
    return render_template(
        template_name,
    ...<6 lines>...
        **ctx,
    )
  File "C:\Users\ivxti\OneDrive\Desktop\GitHub\Clinic-App-Local\.venv\Lib\site-packages\flask\templating.py", line 152, in render_template
    return _render(app, template, context)
  File "C:\Users\ivxti\OneDrive\Desktop\GitHub\Clinic-App-Local\.venv\Lib\site-packages\flask\templating.py", line 133, in _render
    rv = template.render(context)
  File "C:\Users\ivxti\OneDrive\Desktop\GitHub\Clinic-App-Local\.venv\Lib\site-packages\jinja2\environment.py", line 1295, in render
    self.environment.handle_exception()
    ~~~~~~~~~~~~~~~~~~~~~~~~~~~~~~~~~^^
  File "C:\Users\ivxti\OneDrive\Desktop\GitHub\Clinic-App-Local\.venv\Lib\site-packages\jinja2\environment.py", line 942, in handle_exception
    raise rewrite_traceback_stack(source=source)
  File "C:\Users\ivxti\OneDrive\Desktop\GitHub\Clinic-App-Local\templates\appointments\simple_view.html", line 1, in top-level template code
    {% extends '_base.html' %}
    ^^^^^^^^^^^^^^^^^^^^^^^^^
  File "C:\Users\ivxti\OneDrive\Desktop\GitHub\Clinic-App-Local\templates\_base.html", line 18, in top-level template code
    {% block content %}{% endblock %}
    ^^^^^^^^^^^^^^^^^^^^^
  File "C:\Users\ivxti\OneDrive\Desktop\GitHub\Clinic-App-Local\templates\appointments\simple_view.html", line 865, in block 'content'
    <a href="{{ url_for('patients.view', patient_id=appt.patient_id) }}" class="patient-badge">
    ^^^^^^^^^
  File "C:\Users\ivxti\OneDrive\Desktop\GitHub\Clinic-App-Local\.venv\Lib\site-packages\flask\app.py", line 1071, in url_for
    return self.handle_url_build_error(error, endpoint, values)
           ~~~~~~~~~~~~~~~~~~~~~~~~~~~^^^^^^^^^^^^^^^^^^^^^^^^^
  File "C:\Users\ivxti\OneDrive\Desktop\GitHub\Clinic-App-Local\.venv\Lib\site-packages\flask\app.py", line 1060, in url_for
    rv = url_adapter.build(  # type: ignore[union-attr]
        endpoint,
    ...<3 lines>...
        force_external=_external,
    )
  File "C:\Users\ivxti\OneDrive\Desktop\GitHub\Clinic-App-Local\.venv\Lib\site-packages\werkzeug\routing\map.py", line 919, in build
    raise BuildError(endpoint, values, method, self)
werkzeug.routing.exceptions.BuildError: Could not build url for endpoint 'patients.view' with values ['patient_id']. Did you mean 'patients.index' instead?

[2025-11-13T18:03:27.083910+00:00Z] appointments.simple_view
Traceback (most recent call last):
  File "C:\Users\ivxti\OneDrive\Desktop\GitHub\Clinic-App-Local\clinic_app\blueprints\appointments\routes.py", line 223, in appointments_simple_view
    return render_page(
        "appointments/simple_view.html",
    ...<10 lines>...
        end_day=None,  # Simple view shows single day
    )
  File "C:\Users\ivxti\OneDrive\Desktop\GitHub\Clinic-App-Local\clinic_app\services\ui.py", line 61, in render_page
    return render_template(
        template_name,
    ...<6 lines>...
        **ctx,
    )
  File "C:\Users\ivxti\OneDrive\Desktop\GitHub\Clinic-App-Local\.venv\Lib\site-packages\flask\templating.py", line 152, in render_template
    return _render(app, template, context)
  File "C:\Users\ivxti\OneDrive\Desktop\GitHub\Clinic-App-Local\.venv\Lib\site-packages\flask\templating.py", line 133, in _render
    rv = template.render(context)
  File "C:\Users\ivxti\OneDrive\Desktop\GitHub\Clinic-App-Local\.venv\Lib\site-packages\jinja2\environment.py", line 1295, in render
    self.environment.handle_exception()
    ~~~~~~~~~~~~~~~~~~~~~~~~~~~~~~~~~^^
  File "C:\Users\ivxti\OneDrive\Desktop\GitHub\Clinic-App-Local\.venv\Lib\site-packages\jinja2\environment.py", line 942, in handle_exception
    raise rewrite_traceback_stack(source=source)
  File "C:\Users\ivxti\OneDrive\Desktop\GitHub\Clinic-App-Local\templates\appointments\simple_view.html", line 1, in top-level template code
    {% extends '_base.html' %}
    ^^^^^^^^^^^^^^^^^^^^^^^^^
  File "C:\Users\ivxti\OneDrive\Desktop\GitHub\Clinic-App-Local\templates\_base.html", line 18, in top-level template code
    {% block content %}{% endblock %}
    ^^^^^^^^^^^^^^^^^^^^^
  File "C:\Users\ivxti\OneDrive\Desktop\GitHub\Clinic-App-Local\templates\appointments\simple_view.html", line 865, in block 'content'
    <a href="{{ url_for('patients.view', patient_id=appt.patient_id) }}" class="patient-badge">
    ^^^^^^^^^
  File "C:\Users\ivxti\OneDrive\Desktop\GitHub\Clinic-App-Local\.venv\Lib\site-packages\flask\app.py", line 1071, in url_for
    return self.handle_url_build_error(error, endpoint, values)
           ~~~~~~~~~~~~~~~~~~~~~~~~~~~^^^^^^^^^^^^^^^^^^^^^^^^^
  File "C:\Users\ivxti\OneDrive\Desktop\GitHub\Clinic-App-Local\.venv\Lib\site-packages\flask\app.py", line 1060, in url_for
    rv = url_adapter.build(  # type: ignore[union-attr]
        endpoint,
    ...<3 lines>...
        force_external=_external,
    )
  File "C:\Users\ivxti\OneDrive\Desktop\GitHub\Clinic-App-Local\.venv\Lib\site-packages\werkzeug\routing\map.py", line 919, in build
    raise BuildError(endpoint, values, method, self)
werkzeug.routing.exceptions.BuildError: Could not build url for endpoint 'patients.view' with values ['patient_id']. Did you mean 'patients.index' instead?

[2025-11-13T18:03:27.242081+00:00Z] appointments.simple_view
Traceback (most recent call last):
  File "C:\Users\ivxti\OneDrive\Desktop\GitHub\Clinic-App-Local\clinic_app\blueprints\appointments\routes.py", line 223, in appointments_simple_view
    return render_page(
        "appointments/simple_view.html",
    ...<10 lines>...
        end_day=None,  # Simple view shows single day
    )
  File "C:\Users\ivxti\OneDrive\Desktop\GitHub\Clinic-App-Local\clinic_app\services\ui.py", line 61, in render_page
    return render_template(
        template_name,
    ...<6 lines>...
        **ctx,
    )
  File "C:\Users\ivxti\OneDrive\Desktop\GitHub\Clinic-App-Local\.venv\Lib\site-packages\flask\templating.py", line 152, in render_template
    return _render(app, template, context)
  File "C:\Users\ivxti\OneDrive\Desktop\GitHub\Clinic-App-Local\.venv\Lib\site-packages\flask\templating.py", line 133, in _render
    rv = template.render(context)
  File "C:\Users\ivxti\OneDrive\Desktop\GitHub\Clinic-App-Local\.venv\Lib\site-packages\jinja2\environment.py", line 1295, in render
    self.environment.handle_exception()
    ~~~~~~~~~~~~~~~~~~~~~~~~~~~~~~~~~^^
  File "C:\Users\ivxti\OneDrive\Desktop\GitHub\Clinic-App-Local\.venv\Lib\site-packages\jinja2\environment.py", line 942, in handle_exception
    raise rewrite_traceback_stack(source=source)
  File "C:\Users\ivxti\OneDrive\Desktop\GitHub\Clinic-App-Local\templates\appointments\simple_view.html", line 1, in top-level template code
    {% extends '_base.html' %}
    ^^^^^^^^^^^^^^^^^^^^^^^^^
  File "C:\Users\ivxti\OneDrive\Desktop\GitHub\Clinic-App-Local\templates\_base.html", line 18, in top-level template code
    {% block content %}{% endblock %}
    ^^^^^^^^^^^^^^^^^^^^^
  File "C:\Users\ivxti\OneDrive\Desktop\GitHub\Clinic-App-Local\templates\appointments\simple_view.html", line 865, in block 'content'
    <a href="{{ url_for('patients.view', patient_id=appt.patient_id) }}" class="patient-badge">
    ^^^^^^^^^
  File "C:\Users\ivxti\OneDrive\Desktop\GitHub\Clinic-App-Local\.venv\Lib\site-packages\flask\app.py", line 1071, in url_for
    return self.handle_url_build_error(error, endpoint, values)
           ~~~~~~~~~~~~~~~~~~~~~~~~~~~^^^^^^^^^^^^^^^^^^^^^^^^^
  File "C:\Users\ivxti\OneDrive\Desktop\GitHub\Clinic-App-Local\.venv\Lib\site-packages\flask\app.py", line 1060, in url_for
    rv = url_adapter.build(  # type: ignore[union-attr]
        endpoint,
    ...<3 lines>...
        force_external=_external,
    )
  File "C:\Users\ivxti\OneDrive\Desktop\GitHub\Clinic-App-Local\.venv\Lib\site-packages\werkzeug\routing\map.py", line 919, in build
    raise BuildError(endpoint, values, method, self)
werkzeug.routing.exceptions.BuildError: Could not build url for endpoint 'patients.view' with values ['patient_id']. Did you mean 'patients.index' instead?

[2025-11-13T18:03:27.402313+00:00Z] appointments.simple_view
Traceback (most recent call last):
  File "C:\Users\ivxti\OneDrive\Desktop\GitHub\Clinic-App-Local\clinic_app\blueprints\appointments\routes.py", line 223, in appointments_simple_view
    return render_page(
        "appointments/simple_view.html",
    ...<10 lines>...
        end_day=None,  # Simple view shows single day
    )
  File "C:\Users\ivxti\OneDrive\Desktop\GitHub\Clinic-App-Local\clinic_app\services\ui.py", line 61, in render_page
    return render_template(
        template_name,
    ...<6 lines>...
        **ctx,
    )
  File "C:\Users\ivxti\OneDrive\Desktop\GitHub\Clinic-App-Local\.venv\Lib\site-packages\flask\templating.py", line 152, in render_template
    return _render(app, template, context)
  File "C:\Users\ivxti\OneDrive\Desktop\GitHub\Clinic-App-Local\.venv\Lib\site-packages\flask\templating.py", line 133, in _render
    rv = template.render(context)
  File "C:\Users\ivxti\OneDrive\Desktop\GitHub\Clinic-App-Local\.venv\Lib\site-packages\jinja2\environment.py", line 1295, in render
    self.environment.handle_exception()
    ~~~~~~~~~~~~~~~~~~~~~~~~~~~~~~~~~^^
  File "C:\Users\ivxti\OneDrive\Desktop\GitHub\Clinic-App-Local\.venv\Lib\site-packages\jinja2\environment.py", line 942, in handle_exception
    raise rewrite_traceback_stack(source=source)
  File "C:\Users\ivxti\OneDrive\Desktop\GitHub\Clinic-App-Local\templates\appointments\simple_view.html", line 1, in top-level template code
    {% extends '_base.html' %}
    ^^^^^^^^^^^^^^^^^^^^^^^^^
  File "C:\Users\ivxti\OneDrive\Desktop\GitHub\Clinic-App-Local\templates\_base.html", line 18, in top-level template code
    {% block content %}{% endblock %}
    ^^^^^^^^^^^^^^^^^^^^^
  File "C:\Users\ivxti\OneDrive\Desktop\GitHub\Clinic-App-Local\templates\appointments\simple_view.html", line 865, in block 'content'
    <a href="{{ url_for('patients.view', patient_id=appt.patient_id) }}" class="patient-badge">
    ^^^^^^^^^
  File "C:\Users\ivxti\OneDrive\Desktop\GitHub\Clinic-App-Local\.venv\Lib\site-packages\flask\app.py", line 1071, in url_for
    return self.handle_url_build_error(error, endpoint, values)
           ~~~~~~~~~~~~~~~~~~~~~~~~~~~^^^^^^^^^^^^^^^^^^^^^^^^^
  File "C:\Users\ivxti\OneDrive\Desktop\GitHub\Clinic-App-Local\.venv\Lib\site-packages\flask\app.py", line 1060, in url_for
    rv = url_adapter.build(  # type: ignore[union-attr]
        endpoint,
    ...<3 lines>...
        force_external=_external,
    )
  File "C:\Users\ivxti\OneDrive\Desktop\GitHub\Clinic-App-Local\.venv\Lib\site-packages\werkzeug\routing\map.py", line 919, in build
    raise BuildError(endpoint, values, method, self)
werkzeug.routing.exceptions.BuildError: Could not build url for endpoint 'patients.view' with values ['patient_id']. Did you mean 'patients.index' instead?

[2025-11-13T18:03:27.625560+00:00Z] appointments.simple_view
Traceback (most recent call last):
  File "C:\Users\ivxti\OneDrive\Desktop\GitHub\Clinic-App-Local\clinic_app\blueprints\appointments\routes.py", line 223, in appointments_simple_view
    return render_page(
        "appointments/simple_view.html",
    ...<10 lines>...
        end_day=None,  # Simple view shows single day
    )
  File "C:\Users\ivxti\OneDrive\Desktop\GitHub\Clinic-App-Local\clinic_app\services\ui.py", line 61, in render_page
    return render_template(
        template_name,
    ...<6 lines>...
        **ctx,
    )
  File "C:\Users\ivxti\OneDrive\Desktop\GitHub\Clinic-App-Local\.venv\Lib\site-packages\flask\templating.py", line 152, in render_template
    return _render(app, template, context)
  File "C:\Users\ivxti\OneDrive\Desktop\GitHub\Clinic-App-Local\.venv\Lib\site-packages\flask\templating.py", line 133, in _render
    rv = template.render(context)
  File "C:\Users\ivxti\OneDrive\Desktop\GitHub\Clinic-App-Local\.venv\Lib\site-packages\jinja2\environment.py", line 1295, in render
    self.environment.handle_exception()
    ~~~~~~~~~~~~~~~~~~~~~~~~~~~~~~~~~^^
  File "C:\Users\ivxti\OneDrive\Desktop\GitHub\Clinic-App-Local\.venv\Lib\site-packages\jinja2\environment.py", line 942, in handle_exception
    raise rewrite_traceback_stack(source=source)
  File "C:\Users\ivxti\OneDrive\Desktop\GitHub\Clinic-App-Local\templates\appointments\simple_view.html", line 1, in top-level template code
    {% extends '_base.html' %}
    ^^^^^^^^^^^^^^^^^^^^^^^^^
  File "C:\Users\ivxti\OneDrive\Desktop\GitHub\Clinic-App-Local\templates\_base.html", line 18, in top-level template code
    {% block content %}{% endblock %}
    ^^^^^^^^^^^^^^^^^^^^^
  File "C:\Users\ivxti\OneDrive\Desktop\GitHub\Clinic-App-Local\templates\appointments\simple_view.html", line 865, in block 'content'
    <a href="{{ url_for('patients.view', patient_id=appt.patient_id) }}" class="patient-badge">
    ^^^^^^^^^
  File "C:\Users\ivxti\OneDrive\Desktop\GitHub\Clinic-App-Local\.venv\Lib\site-packages\flask\app.py", line 1071, in url_for
    return self.handle_url_build_error(error, endpoint, values)
           ~~~~~~~~~~~~~~~~~~~~~~~~~~~^^^^^^^^^^^^^^^^^^^^^^^^^
  File "C:\Users\ivxti\OneDrive\Desktop\GitHub\Clinic-App-Local\.venv\Lib\site-packages\flask\app.py", line 1060, in url_for
    rv = url_adapter.build(  # type: ignore[union-attr]
        endpoint,
    ...<3 lines>...
        force_external=_external,
    )
  File "C:\Users\ivxti\OneDrive\Desktop\GitHub\Clinic-App-Local\.venv\Lib\site-packages\werkzeug\routing\map.py", line 919, in build
    raise BuildError(endpoint, values, method, self)
werkzeug.routing.exceptions.BuildError: Could not build url for endpoint 'patients.view' with values ['patient_id']. Did you mean 'patients.index' instead?

[2025-11-13T18:09:41.757687+00:00Z] appointments.simple_view
Traceback (most recent call last):
  File "C:\Users\ivxti\OneDrive\Desktop\GitHub\Clinic-App-Local\clinic_app\blueprints\appointments\routes.py", line 223, in appointments_simple_view
    return render_page(
        "appointments/simple_view.html",
    ...<10 lines>...
        end_day=None,  # Simple view shows single day
    )
  File "C:\Users\ivxti\OneDrive\Desktop\GitHub\Clinic-App-Local\clinic_app\services\ui.py", line 61, in render_page
    return render_template(
        template_name,
    ...<6 lines>...
        **ctx,
    )
  File "C:\Users\ivxti\OneDrive\Desktop\GitHub\Clinic-App-Local\.venv\Lib\site-packages\flask\templating.py", line 152, in render_template
    return _render(app, template, context)
  File "C:\Users\ivxti\OneDrive\Desktop\GitHub\Clinic-App-Local\.venv\Lib\site-packages\flask\templating.py", line 133, in _render
    rv = template.render(context)
  File "C:\Users\ivxti\OneDrive\Desktop\GitHub\Clinic-App-Local\.venv\Lib\site-packages\jinja2\environment.py", line 1295, in render
    self.environment.handle_exception()
    ~~~~~~~~~~~~~~~~~~~~~~~~~~~~~~~~~^^
  File "C:\Users\ivxti\OneDrive\Desktop\GitHub\Clinic-App-Local\.venv\Lib\site-packages\jinja2\environment.py", line 942, in handle_exception
    raise rewrite_traceback_stack(source=source)
  File "C:\Users\ivxti\OneDrive\Desktop\GitHub\Clinic-App-Local\templates\appointments\simple_view.html", line 1, in top-level template code
    {% extends '_base.html' %}
    ^^^^^^^^^^^^^^^^^^^^^^^^^
  File "C:\Users\ivxti\OneDrive\Desktop\GitHub\Clinic-App-Local\templates\_base.html", line 18, in top-level template code
    {% block content %}{% endblock %}
    ^^^^^^^^^^^^^^^^^^^^^
  File "C:\Users\ivxti\OneDrive\Desktop\GitHub\Clinic-App-Local\templates\appointments\simple_view.html", line 865, in block 'content'
    <a href="{{ url_for('patients.view', patient_id=appt.patient_id) }}" class="patient-badge">
    ^^^^^^^^^
  File "C:\Users\ivxti\OneDrive\Desktop\GitHub\Clinic-App-Local\.venv\Lib\site-packages\flask\app.py", line 1071, in url_for
    return self.handle_url_build_error(error, endpoint, values)
           ~~~~~~~~~~~~~~~~~~~~~~~~~~~^^^^^^^^^^^^^^^^^^^^^^^^^
  File "C:\Users\ivxti\OneDrive\Desktop\GitHub\Clinic-App-Local\.venv\Lib\site-packages\flask\app.py", line 1060, in url_for
    rv = url_adapter.build(  # type: ignore[union-attr]
        endpoint,
    ...<3 lines>...
        force_external=_external,
    )
  File "C:\Users\ivxti\OneDrive\Desktop\GitHub\Clinic-App-Local\.venv\Lib\site-packages\werkzeug\routing\map.py", line 919, in build
    raise BuildError(endpoint, values, method, self)
werkzeug.routing.exceptions.BuildError: Could not build url for endpoint 'patients.view' with values ['patient_id']. Did you mean 'patients.index' instead?

[2025-11-13T18:10:46.232978+00:00Z] appointments.simple_view
Traceback (most recent call last):
  File "C:\Users\ivxti\OneDrive\Desktop\GitHub\Clinic-App-Local\clinic_app\blueprints\appointments\routes.py", line 223, in appointments_simple_view
    return render_page(
        "appointments/simple_view.html",
    ...<10 lines>...
        end_day=None,  # Simple view shows single day
    )
  File "C:\Users\ivxti\OneDrive\Desktop\GitHub\Clinic-App-Local\clinic_app\services\ui.py", line 61, in render_page
    return render_template(
        template_name,
    ...<6 lines>...
        **ctx,
    )
  File "C:\Users\ivxti\OneDrive\Desktop\GitHub\Clinic-App-Local\.venv\Lib\site-packages\flask\templating.py", line 152, in render_template
    return _render(app, template, context)
  File "C:\Users\ivxti\OneDrive\Desktop\GitHub\Clinic-App-Local\.venv\Lib\site-packages\flask\templating.py", line 133, in _render
    rv = template.render(context)
  File "C:\Users\ivxti\OneDrive\Desktop\GitHub\Clinic-App-Local\.venv\Lib\site-packages\jinja2\environment.py", line 1295, in render
    self.environment.handle_exception()
    ~~~~~~~~~~~~~~~~~~~~~~~~~~~~~~~~~^^
  File "C:\Users\ivxti\OneDrive\Desktop\GitHub\Clinic-App-Local\.venv\Lib\site-packages\jinja2\environment.py", line 942, in handle_exception
    raise rewrite_traceback_stack(source=source)
  File "C:\Users\ivxti\OneDrive\Desktop\GitHub\Clinic-App-Local\templates\appointments\simple_view.html", line 1, in top-level template code
    {% extends '_base.html' %}
    ^^^^^^^^^^^^^^^^^^^^^^^^^
  File "C:\Users\ivxti\OneDrive\Desktop\GitHub\Clinic-App-Local\templates\_base.html", line 18, in top-level template code
    {% block content %}{% endblock %}
    ^^^^^^^^^^^^^^^^^^^^^
  File "C:\Users\ivxti\OneDrive\Desktop\GitHub\Clinic-App-Local\templates\appointments\simple_view.html", line 865, in block 'content'
    <a href="{{ url_for('patients.view', patient_id=appt.patient_id) }}" class="patient-badge">
    ^^^^^^^^^
  File "C:\Users\ivxti\OneDrive\Desktop\GitHub\Clinic-App-Local\.venv\Lib\site-packages\flask\app.py", line 1071, in url_for
    return self.handle_url_build_error(error, endpoint, values)
           ~~~~~~~~~~~~~~~~~~~~~~~~~~~^^^^^^^^^^^^^^^^^^^^^^^^^
  File "C:\Users\ivxti\OneDrive\Desktop\GitHub\Clinic-App-Local\.venv\Lib\site-packages\flask\app.py", line 1060, in url_for
    rv = url_adapter.build(  # type: ignore[union-attr]
        endpoint,
    ...<3 lines>...
        force_external=_external,
    )
  File "C:\Users\ivxti\OneDrive\Desktop\GitHub\Clinic-App-Local\.venv\Lib\site-packages\werkzeug\routing\map.py", line 919, in build
    raise BuildError(endpoint, values, method, self)
werkzeug.routing.exceptions.BuildError: Could not build url for endpoint 'patients.view' with values ['patient_id']. Did you mean 'patients.index' instead?

[2025-11-13T18:13:33.994556+00:00Z] appointments.simple_view
Traceback (most recent call last):
  File "C:\Users\ivxti\OneDrive\Desktop\GitHub\Clinic-App-Local\clinic_app\blueprints\appointments\routes.py", line 236, in appointments_simple_view
    return render_page(
        "appointments/simple_view.html",
    ...<10 lines>...
        end_day=None,  # Simple view shows single day
    )
  File "C:\Users\ivxti\OneDrive\Desktop\GitHub\Clinic-App-Local\clinic_app\services\ui.py", line 61, in render_page
    return render_template(
        template_name,
    ...<6 lines>...
        **ctx,
    )
  File "C:\Users\ivxti\OneDrive\Desktop\GitHub\Clinic-App-Local\.venv\Lib\site-packages\flask\templating.py", line 152, in render_template
    return _render(app, template, context)
  File "C:\Users\ivxti\OneDrive\Desktop\GitHub\Clinic-App-Local\.venv\Lib\site-packages\flask\templating.py", line 133, in _render
    rv = template.render(context)
  File "C:\Users\ivxti\OneDrive\Desktop\GitHub\Clinic-App-Local\.venv\Lib\site-packages\jinja2\environment.py", line 1295, in render
    self.environment.handle_exception()
    ~~~~~~~~~~~~~~~~~~~~~~~~~~~~~~~~~^^
  File "C:\Users\ivxti\OneDrive\Desktop\GitHub\Clinic-App-Local\.venv\Lib\site-packages\jinja2\environment.py", line 942, in handle_exception
    raise rewrite_traceback_stack(source=source)
  File "C:\Users\ivxti\OneDrive\Desktop\GitHub\Clinic-App-Local\templates\appointments\simple_view.html", line 1, in top-level template code
    {% extends '_base.html' %}
    ^^^^^^^^^^^^^^^^^^^^^^^^^
  File "C:\Users\ivxti\OneDrive\Desktop\GitHub\Clinic-App-Local\templates\_base.html", line 18, in top-level template code
    {% block content %}{% endblock %}
    ^^^^^^^^^^^^^^^^^^^^^
  File "C:\Users\ivxti\OneDrive\Desktop\GitHub\Clinic-App-Local\templates\appointments\simple_view.html", line 865, in block 'content'
    <a href="{{ url_for('patients.view', patient_id=appt.patient_id) }}" class="patient-badge">
    ^^^^^^^^^
  File "C:\Users\ivxti\OneDrive\Desktop\GitHub\Clinic-App-Local\.venv\Lib\site-packages\flask\app.py", line 1071, in url_for
    return self.handle_url_build_error(error, endpoint, values)
           ~~~~~~~~~~~~~~~~~~~~~~~~~~~^^^^^^^^^^^^^^^^^^^^^^^^^
  File "C:\Users\ivxti\OneDrive\Desktop\GitHub\Clinic-App-Local\.venv\Lib\site-packages\flask\app.py", line 1060, in url_for
    rv = url_adapter.build(  # type: ignore[union-attr]
        endpoint,
    ...<3 lines>...
        force_external=_external,
    )
  File "C:\Users\ivxti\OneDrive\Desktop\GitHub\Clinic-App-Local\.venv\Lib\site-packages\werkzeug\routing\map.py", line 919, in build
    raise BuildError(endpoint, values, method, self)
werkzeug.routing.exceptions.BuildError: Could not build url for endpoint 'patients.view' with values ['patient_id']. Did you mean 'patients.index' instead?

[2025-11-13T18:15:59.844600+00:00Z] appointments.simple_view
Traceback (most recent call last):
  File "C:\Users\ivxti\OneDrive\Desktop\GitHub\Clinic-App-Local\clinic_app\blueprints\appointments\routes.py", line 236, in appointments_simple_view
    return render_page(
        "appointments/simple_view.html",
    ...<10 lines>...
        end_day=None,  # Simple view shows single day
    )
  File "C:\Users\ivxti\OneDrive\Desktop\GitHub\Clinic-App-Local\clinic_app\services\ui.py", line 61, in render_page
    return render_template(
        template_name,
    ...<6 lines>...
        **ctx,
    )
  File "C:\Users\ivxti\OneDrive\Desktop\GitHub\Clinic-App-Local\.venv\Lib\site-packages\flask\templating.py", line 152, in render_template
    return _render(app, template, context)
  File "C:\Users\ivxti\OneDrive\Desktop\GitHub\Clinic-App-Local\.venv\Lib\site-packages\flask\templating.py", line 133, in _render
    rv = template.render(context)
  File "C:\Users\ivxti\OneDrive\Desktop\GitHub\Clinic-App-Local\.venv\Lib\site-packages\jinja2\environment.py", line 1295, in render
    self.environment.handle_exception()
    ~~~~~~~~~~~~~~~~~~~~~~~~~~~~~~~~~^^
  File "C:\Users\ivxti\OneDrive\Desktop\GitHub\Clinic-App-Local\.venv\Lib\site-packages\jinja2\environment.py", line 942, in handle_exception
    raise rewrite_traceback_stack(source=source)
  File "C:\Users\ivxti\OneDrive\Desktop\GitHub\Clinic-App-Local\templates\appointments\simple_view.html", line 1, in top-level template code
    {% extends '_base.html' %}
    ^^^^^^^^^^^^^^^^^^^^^^^^^
  File "C:\Users\ivxti\OneDrive\Desktop\GitHub\Clinic-App-Local\templates\_base.html", line 18, in top-level template code
    {% block content %}{% endblock %}
    ^^^^^^^^^^^^^^^^^^^^^
  File "C:\Users\ivxti\OneDrive\Desktop\GitHub\Clinic-App-Local\templates\appointments\simple_view.html", line 865, in block 'content'
    <a href="{{ url_for('patients.view', patient_id=appt.patient_id) }}" class="patient-badge">
    ^^^^^^^^^
  File "C:\Users\ivxti\OneDrive\Desktop\GitHub\Clinic-App-Local\.venv\Lib\site-packages\flask\app.py", line 1071, in url_for
    return self.handle_url_build_error(error, endpoint, values)
           ~~~~~~~~~~~~~~~~~~~~~~~~~~~^^^^^^^^^^^^^^^^^^^^^^^^^
  File "C:\Users\ivxti\OneDrive\Desktop\GitHub\Clinic-App-Local\.venv\Lib\site-packages\flask\app.py", line 1060, in url_for
    rv = url_adapter.build(  # type: ignore[union-attr]
        endpoint,
    ...<3 lines>...
        force_external=_external,
    )
  File "C:\Users\ivxti\OneDrive\Desktop\GitHub\Clinic-App-Local\.venv\Lib\site-packages\werkzeug\routing\map.py", line 919, in build
    raise BuildError(endpoint, values, method, self)
werkzeug.routing.exceptions.BuildError: Could not build url for endpoint 'patients.view' with values ['patient_id']. Did you mean 'patients.index' instead?

[2025-11-13T18:31:14.525600+00:00Z] appointments.table
Traceback (most recent call last):
  File "C:\Users\ivxti\OneDrive\Desktop\GitHub\Clinic-App-Local\clinic_app\blueprints\appointments\routes.py", line 290, in appointments_table
    return render_page(
        "appointments/table_view_pro.html",
    ...<18 lines>...
        show_back=True,
    )
  File "C:\Users\ivxti\OneDrive\Desktop\GitHub\Clinic-App-Local\clinic_app\services\ui.py", line 61, in render_page
    return render_template(
        template_name,
    ...<6 lines>...
        **ctx,
    )
  File "C:\Users\ivxti\OneDrive\Desktop\GitHub\Clinic-App-Local\.venv\Lib\site-packages\flask\templating.py", line 152, in render_template
    return _render(app, template, context)
  File "C:\Users\ivxti\OneDrive\Desktop\GitHub\Clinic-App-Local\.venv\Lib\site-packages\flask\templating.py", line 133, in _render
    rv = template.render(context)
  File "C:\Users\ivxti\OneDrive\Desktop\GitHub\Clinic-App-Local\.venv\Lib\site-packages\jinja2\environment.py", line 1295, in render
    self.environment.handle_exception()
    ~~~~~~~~~~~~~~~~~~~~~~~~~~~~~~~~~^^
  File "C:\Users\ivxti\OneDrive\Desktop\GitHub\Clinic-App-Local\.venv\Lib\site-packages\jinja2\environment.py", line 942, in handle_exception
    raise rewrite_traceback_stack(source=source)
  File "C:\Users\ivxti\OneDrive\Desktop\GitHub\Clinic-App-Local\templates\appointments\table_view_pro.html", line 1, in top-level template code
    {% extends '_base.html' %}
    ^^^^^^^^^^^^^^^^^^^^^^^^^
  File "C:\Users\ivxti\OneDrive\Desktop\GitHub\Clinic-App-Local\templates\_base.html", line 18, in top-level template code
    {% block content %}{% endblock %}
    ^^^^^^^^^^^^^^^^^^^^^
  File "C:\Users\ivxti\OneDrive\Desktop\GitHub\Clinic-App-Local\templates\appointments\table_view_pro.html", line 801, in block 'content'
    <a href="{{ url_for('patients.view', patient_id=appt.patient_id) }}" class="patient-badge">
    ^^^^^^^^^^^^^
  File "C:\Users\ivxti\OneDrive\Desktop\GitHub\Clinic-App-Local\.venv\Lib\site-packages\flask\app.py", line 1071, in url_for
    return self.handle_url_build_error(error, endpoint, values)
           ~~~~~~~~~~~~~~~~~~~~~~~~~~~^^^^^^^^^^^^^^^^^^^^^^^^^
  File "C:\Users\ivxti\OneDrive\Desktop\GitHub\Clinic-App-Local\.venv\Lib\site-packages\flask\app.py", line 1060, in url_for
    rv = url_adapter.build(  # type: ignore[union-attr]
        endpoint,
    ...<3 lines>...
        force_external=_external,
    )
  File "C:\Users\ivxti\OneDrive\Desktop\GitHub\Clinic-App-Local\.venv\Lib\site-packages\werkzeug\routing\map.py", line 919, in build
    raise BuildError(endpoint, values, method, self)
werkzeug.routing.exceptions.BuildError: Could not build url for endpoint 'patients.view' with values ['patient_id']. Did you mean 'patients.index' instead?

[2025-11-13T18:31:46.895846+00:00Z] appointments.table
Traceback (most recent call last):
  File "C:\Users\ivxti\OneDrive\Desktop\GitHub\Clinic-App-Local\clinic_app\blueprints\appointments\routes.py", line 290, in appointments_table
    return render_page(
        "appointments/table_view_pro.html",
    ...<18 lines>...
        show_back=True,
    )
  File "C:\Users\ivxti\OneDrive\Desktop\GitHub\Clinic-App-Local\clinic_app\services\ui.py", line 61, in render_page
    return render_template(
        template_name,
    ...<6 lines>...
        **ctx,
    )
  File "C:\Users\ivxti\OneDrive\Desktop\GitHub\Clinic-App-Local\.venv\Lib\site-packages\flask\templating.py", line 152, in render_template
    return _render(app, template, context)
  File "C:\Users\ivxti\OneDrive\Desktop\GitHub\Clinic-App-Local\.venv\Lib\site-packages\flask\templating.py", line 133, in _render
    rv = template.render(context)
  File "C:\Users\ivxti\OneDrive\Desktop\GitHub\Clinic-App-Local\.venv\Lib\site-packages\jinja2\environment.py", line 1295, in render
    self.environment.handle_exception()
    ~~~~~~~~~~~~~~~~~~~~~~~~~~~~~~~~~^^
  File "C:\Users\ivxti\OneDrive\Desktop\GitHub\Clinic-App-Local\.venv\Lib\site-packages\jinja2\environment.py", line 942, in handle_exception
    raise rewrite_traceback_stack(source=source)
  File "C:\Users\ivxti\OneDrive\Desktop\GitHub\Clinic-App-Local\templates\appointments\table_view_pro.html", line 1, in top-level template code
    {% extends '_base.html' %}
    ^^^^^^^^^^^^^^^^^^^^^^^^^
  File "C:\Users\ivxti\OneDrive\Desktop\GitHub\Clinic-App-Local\templates\_base.html", line 18, in top-level template code
    {% block content %}{% endblock %}
    ^^^^^^^^^^^^^^^^^^^^^
  File "C:\Users\ivxti\OneDrive\Desktop\GitHub\Clinic-App-Local\templates\appointments\table_view_pro.html", line 801, in block 'content'
    <a href="{{ url_for('patients.view', patient_id=appt.patient_id) }}" class="patient-badge">
    ^^^^^^^^^^^^^
  File "C:\Users\ivxti\OneDrive\Desktop\GitHub\Clinic-App-Local\.venv\Lib\site-packages\flask\app.py", line 1071, in url_for
    return self.handle_url_build_error(error, endpoint, values)
           ~~~~~~~~~~~~~~~~~~~~~~~~~~~^^^^^^^^^^^^^^^^^^^^^^^^^
  File "C:\Users\ivxti\OneDrive\Desktop\GitHub\Clinic-App-Local\.venv\Lib\site-packages\flask\app.py", line 1060, in url_for
    rv = url_adapter.build(  # type: ignore[union-attr]
        endpoint,
    ...<3 lines>...
        force_external=_external,
    )
  File "C:\Users\ivxti\OneDrive\Desktop\GitHub\Clinic-App-Local\.venv\Lib\site-packages\werkzeug\routing\map.py", line 919, in build
    raise BuildError(endpoint, values, method, self)
werkzeug.routing.exceptions.BuildError: Could not build url for endpoint 'patients.view' with values ['patient_id']. Did you mean 'patients.index' instead?

[2025-11-13T18:34:39.472959+00:00Z] appointments.table
Traceback (most recent call last):
  File "C:\Users\ivxti\OneDrive\Desktop\GitHub\Clinic-App-Local\clinic_app\blueprints\appointments\routes.py", line 287, in appointments_table
    return render_page(
        "appointments/table_view_pro.html",
    ...<8 lines>...
        search_query=search,
    )
  File "C:\Users\ivxti\OneDrive\Desktop\GitHub\Clinic-App-Local\clinic_app\services\ui.py", line 61, in render_page
    return render_template(
        template_name,
    ...<6 lines>...
        **ctx,
    )
  File "C:\Users\ivxti\OneDrive\Desktop\GitHub\Clinic-App-Local\.venv\Lib\site-packages\flask\templating.py", line 152, in render_template
    return _render(app, template, context)
  File "C:\Users\ivxti\OneDrive\Desktop\GitHub\Clinic-App-Local\.venv\Lib\site-packages\flask\templating.py", line 133, in _render
    rv = template.render(context)
  File "C:\Users\ivxti\OneDrive\Desktop\GitHub\Clinic-App-Local\.venv\Lib\site-packages\jinja2\environment.py", line 1295, in render
    self.environment.handle_exception()
    ~~~~~~~~~~~~~~~~~~~~~~~~~~~~~~~~~^^
  File "C:\Users\ivxti\OneDrive\Desktop\GitHub\Clinic-App-Local\.venv\Lib\site-packages\jinja2\environment.py", line 942, in handle_exception
    raise rewrite_traceback_stack(source=source)
  File "C:\Users\ivxti\OneDrive\Desktop\GitHub\Clinic-App-Local\templates\appointments\table_view_pro.html", line 1, in top-level template code
    {% extends '_base.html' %}
    ^^^^^^^^^^^^^^^^^^^^^^^^^
  File "C:\Users\ivxti\OneDrive\Desktop\GitHub\Clinic-App-Local\templates\_base.html", line 18, in top-level template code
    {% block content %}{% endblock %}
    ^^^^^^^^^^^^^^^^^^^^^
  File "C:\Users\ivxti\OneDrive\Desktop\GitHub\Clinic-App-Local\templates\appointments\table_view_pro.html", line 801, in block 'content'
    <a href="{{ url_for('patients.view', patient_id=appt.patient_id) }}" class="patient-badge">
    ^^^^^^^^^^^^^
  File "C:\Users\ivxti\OneDrive\Desktop\GitHub\Clinic-App-Local\.venv\Lib\site-packages\flask\app.py", line 1071, in url_for
    return self.handle_url_build_error(error, endpoint, values)
           ~~~~~~~~~~~~~~~~~~~~~~~~~~~^^^^^^^^^^^^^^^^^^^^^^^^^
  File "C:\Users\ivxti\OneDrive\Desktop\GitHub\Clinic-App-Local\.venv\Lib\site-packages\flask\app.py", line 1060, in url_for
    rv = url_adapter.build(  # type: ignore[union-attr]
        endpoint,
    ...<3 lines>...
        force_external=_external,
    )
  File "C:\Users\ivxti\OneDrive\Desktop\GitHub\Clinic-App-Local\.venv\Lib\site-packages\werkzeug\routing\map.py", line 919, in build
    raise BuildError(endpoint, values, method, self)
werkzeug.routing.exceptions.BuildError: Could not build url for endpoint 'patients.view' with values ['patient_id']. Did you mean 'patients.index' instead?

